{"/workspaces/Askesis-2/habitActions.ts": {"path":"/workspaces/Askesis-2/habitActions.ts","statementMap":{},"fnMap":{},"branchMap":{},"s":{},"f":{},"b":{},"meta":{"lastBranch":0,"lastFunction":0,"lastStatement":0,"seen":{}}}
,"/workspaces/Askesis-2/state.ts": {"path":"/workspaces/Askesis-2/state.ts","statementMap":{"0":{"start":{"line":133,"column":27},"end":{"line":133,"column":null}},"1":{"start":{"line":134,"column":40},"end":{"line":134,"column":null}},"2":{"start":{"line":135,"column":35},"end":{"line":135,"column":null}},"3":{"start":{"line":137,"column":27},"end":{"line":142,"column":null}},"4":{"start":{"line":144,"column":56},"end":{"line":148,"column":null}},"5":{"start":{"line":150,"column":69},"end":{"line":154,"column":null}},"6":{"start":{"line":156,"column":36},"end":{"line":156,"column":null}},"7":{"start":{"line":158,"column":28},"end":{"line":158,"column":null}},"8":{"start":{"line":161,"column":25},"end":{"line":165,"column":null}},"9":{"start":{"line":205,"column":4},"end":{"line":238,"column":null}},"10":{"start":{"line":244,"column":4},"end":{"line":258,"column":null}},"11":{"start":{"line":262,"column":4},"end":{"line":262,"column":null}},"12":{"start":{"line":266,"column":4},"end":{"line":266,"column":null}},"13":{"start":{"line":267,"column":4},"end":{"line":267,"column":null}},"14":{"start":{"line":268,"column":4},"end":{"line":268,"column":null}},"15":{"start":{"line":269,"column":4},"end":{"line":269,"column":null}},"16":{"start":{"line":270,"column":4},"end":{"line":270,"column":null}},"17":{"start":{"line":271,"column":4},"end":{"line":271,"column":null}},"18":{"start":{"line":275,"column":4},"end":{"line":277,"column":null}},"19":{"start":{"line":276,"column":8},"end":{"line":276,"column":null}},"20":{"start":{"line":278,"column":4},"end":{"line":278,"column":null}},"21":{"start":{"line":282,"column":20},"end":{"line":282,"column":null}},"22":{"start":{"line":283,"column":4},"end":{"line":285,"column":null}},"23":{"start":{"line":284,"column":8},"end":{"line":284,"column":null}},"24":{"start":{"line":286,"column":4},"end":{"line":286,"column":null}},"25":{"start":{"line":290,"column":22},"end":{"line":290,"column":null}},"26":{"start":{"line":291,"column":4},"end":{"line":293,"column":null}},"27":{"start":{"line":292,"column":8},"end":{"line":292,"column":null}},"28":{"start":{"line":294,"column":4},"end":{"line":294,"column":null}},"29":{"start":{"line":298,"column":4},"end":{"line":298,"column":null}},"30":{"start":{"line":302,"column":4},"end":{"line":302,"column":null}},"31":{"start":{"line":302,"column":31},"end":{"line":302,"column":54}},"32":{"start":{"line":306,"column":4},"end":{"line":306,"column":null}},"33":{"start":{"line":307,"column":4},"end":{"line":307,"column":null}},"34":{"start":{"line":308,"column":4},"end":{"line":308,"column":null}},"35":{"start":{"line":309,"column":4},"end":{"line":309,"column":null}},"36":{"start":{"line":310,"column":4},"end":{"line":310,"column":null}},"37":{"start":{"line":314,"column":4},"end":{"line":314,"column":null}},"38":{"start":{"line":318,"column":4},"end":{"line":318,"column":null}},"39":{"start":{"line":326,"column":4},"end":{"line":344,"column":null}},"40":{"start":{"line":327,"column":14},"end":{"line":327,"column":null}},"41":{"start":{"line":328,"column":30},"end":{"line":328,"column":null}},"42":{"start":{"line":329,"column":8},"end":{"line":329,"column":null}},"43":{"start":{"line":330,"column":14},"end":{"line":330,"column":null}},"44":{"start":{"line":332,"column":8},"end":{"line":341,"column":null}},"45":{"start":{"line":333,"column":12},"end":{"line":337,"column":null}},"46":{"start":{"line":334,"column":16},"end":{"line":336,"column":null}},"47":{"start":{"line":335,"column":20},"end":{"line":335,"column":null}},"48":{"start":{"line":338,"column":12},"end":{"line":340,"column":null}},"49":{"start":{"line":339,"column":16},"end":{"line":339,"column":null}},"50":{"start":{"line":343,"column":8},"end":{"line":343,"column":null}},"51":{"start":{"line":351,"column":4},"end":{"line":369,"column":null}},"52":{"start":{"line":352,"column":22},"end":{"line":352,"column":null}},"53":{"start":{"line":353,"column":27},"end":{"line":353,"column":null}},"54":{"start":{"line":354,"column":8},"end":{"line":354,"column":null}},"55":{"start":{"line":355,"column":14},"end":{"line":355,"column":null}},"56":{"start":{"line":357,"column":8},"end":{"line":366,"column":null}},"57":{"start":{"line":358,"column":12},"end":{"line":362,"column":null}},"58":{"start":{"line":359,"column":16},"end":{"line":361,"column":null}},"59":{"start":{"line":360,"column":20},"end":{"line":360,"column":null}},"60":{"start":{"line":363,"column":12},"end":{"line":365,"column":null}},"61":{"start":{"line":364,"column":16},"end":{"line":364,"column":null}},"62":{"start":{"line":368,"column":8},"end":{"line":368,"column":null}}},"fnMap":{"0":{"name":"getPersistableState","decl":{"start":{"line":243,"column":16},"end":{"line":243,"column":48}},"loc":{"start":{"line":243,"column":48},"end":{"line":259,"column":null}},"line":243},"1":{"name":"clearActiveHabitsCache","decl":{"start":{"line":261,"column":16},"end":{"line":261,"column":41}},"loc":{"start":{"line":261,"column":41},"end":{"line":263,"column":null}},"line":261},"2":{"name":"clearAllCaches","decl":{"start":{"line":265,"column":16},"end":{"line":265,"column":33}},"loc":{"start":{"line":265,"column":33},"end":{"line":272,"column":null}},"line":265},"3":{"name":"getHabitDailyInfoForDate","decl":{"start":{"line":274,"column":16},"end":{"line":274,"column":41}},"loc":{"start":{"line":274,"column":90},"end":{"line":279,"column":null}},"line":274},"4":{"name":"ensureHabitDailyInfo","decl":{"start":{"line":281,"column":16},"end":{"line":281,"column":37}},"loc":{"start":{"line":281,"column":87},"end":{"line":287,"column":null}},"line":281},"5":{"name":"ensureHabitInstanceData","decl":{"start":{"line":289,"column":16},"end":{"line":289,"column":40}},"loc":{"start":{"line":289,"column":105},"end":{"line":295,"column":null}},"line":289},"6":{"name":"clearScheduleCache","decl":{"start":{"line":297,"column":16},"end":{"line":297,"column":37}},"loc":{"start":{"line":297,"column":37},"end":{"line":299,"column":null}},"line":297},"7":{"name":"invalidateDateKeyInCacheMap","decl":{"start":{"line":301,"column":9},"end":{"line":301,"column":40}},"loc":{"start":{"line":301,"column":93},"end":{"line":303,"column":null}},"line":301},"8":{"name":"(anonymous_8)","decl":{"start":{"line":302,"column":18},"end":{"line":302,"column":19}},"loc":{"start":{"line":302,"column":31},"end":{"line":302,"column":54}},"line":302},"9":{"name":"invalidateCachesForDateChange","decl":{"start":{"line":305,"column":16},"end":{"line":305,"column":46}},"loc":{"start":{"line":305,"column":83},"end":{"line":311,"column":null}},"line":305},"10":{"name":"isChartDataDirty","decl":{"start":{"line":313,"column":16},"end":{"line":313,"column":44}},"loc":{"start":{"line":313,"column":44},"end":{"line":315,"column":null}},"line":313},"11":{"name":"invalidateChartCache","decl":{"start":{"line":317,"column":16},"end":{"line":317,"column":39}},"loc":{"start":{"line":317,"column":39},"end":{"line":319,"column":null}},"line":317},"12":{"name":"pruneHabitAppearanceCache","decl":{"start":{"line":325,"column":16},"end":{"line":325,"column":50}},"loc":{"start":{"line":325,"column":50},"end":{"line":345,"column":null}},"line":325},"13":{"name":"(anonymous_13)","decl":{"start":{"line":332,"column":43},"end":{"line":332,"column":44}},"loc":{"start":{"line":332,"column":65},"end":{"line":341,"column":9}},"line":332},"14":{"name":"(anonymous_14)","decl":{"start":{"line":333,"column":28},"end":{"line":333,"column":29}},"loc":{"start":{"line":333,"column":44},"end":{"line":337,"column":13}},"line":333},"15":{"name":"pruneStreaksCache","decl":{"start":{"line":350,"column":16},"end":{"line":350,"column":42}},"loc":{"start":{"line":350,"column":42},"end":{"line":370,"column":null}},"line":350},"16":{"name":"(anonymous_16)","decl":{"start":{"line":357,"column":35},"end":{"line":357,"column":36}},"loc":{"start":{"line":357,"column":57},"end":{"line":366,"column":9}},"line":357},"17":{"name":"(anonymous_17)","decl":{"start":{"line":358,"column":28},"end":{"line":358,"column":29}},"loc":{"start":{"line":358,"column":44},"end":{"line":362,"column":13}},"line":358}},"branchMap":{"0":{"loc":{"start":{"line":275,"column":4},"end":{"line":277,"column":null}},"type":"if","locations":[{"start":{"line":275,"column":4},"end":{"line":277,"column":null}},{"start":{},"end":{}}],"line":275},"1":{"loc":{"start":{"line":283,"column":4},"end":{"line":285,"column":null}},"type":"if","locations":[{"start":{"line":283,"column":4},"end":{"line":285,"column":null}},{"start":{},"end":{}}],"line":283},"2":{"loc":{"start":{"line":291,"column":4},"end":{"line":293,"column":null}},"type":"if","locations":[{"start":{"line":291,"column":4},"end":{"line":293,"column":null}},{"start":{},"end":{}}],"line":291},"3":{"loc":{"start":{"line":334,"column":16},"end":{"line":336,"column":null}},"type":"if","locations":[{"start":{"line":334,"column":16},"end":{"line":336,"column":null}},{"start":{},"end":{}}],"line":334},"4":{"loc":{"start":{"line":338,"column":12},"end":{"line":340,"column":null}},"type":"if","locations":[{"start":{"line":338,"column":12},"end":{"line":340,"column":null}},{"start":{},"end":{}}],"line":338},"5":{"loc":{"start":{"line":359,"column":16},"end":{"line":361,"column":null}},"type":"if","locations":[{"start":{"line":359,"column":16},"end":{"line":361,"column":null}},{"start":{},"end":{}}],"line":359},"6":{"loc":{"start":{"line":363,"column":12},"end":{"line":365,"column":null}},"type":"if","locations":[{"start":{"line":363,"column":12},"end":{"line":365,"column":null}},{"start":{},"end":{}}],"line":363}},"s":{"0":7,"1":7,"2":7,"3":7,"4":7,"5":7,"6":7,"7":7,"8":7,"9":7,"10":0,"11":0,"12":0,"13":0,"14":0,"15":0,"16":0,"17":0,"18":0,"19":0,"20":0,"21":0,"22":0,"23":0,"24":0,"25":0,"26":0,"27":0,"28":0,"29":0,"30":0,"31":0,"32":0,"33":0,"34":0,"35":0,"36":0,"37":0,"38":0,"39":0,"40":0,"41":0,"42":0,"43":0,"44":0,"45":0,"46":0,"47":0,"48":0,"49":0,"50":0,"51":0,"52":0,"53":0,"54":0,"55":0,"56":0,"57":0,"58":0,"59":0,"60":0,"61":0,"62":0},"f":{"0":0,"1":0,"2":0,"3":0,"4":0,"5":0,"6":0,"7":0,"8":0,"9":0,"10":0,"11":0,"12":0,"13":0,"14":0,"15":0,"16":0,"17":0},"b":{"0":[0,0],"1":[0,0],"2":[0,0],"3":[0,0],"4":[0,0],"5":[0,0],"6":[0,0]},"meta":{"lastBranch":7,"lastFunction":18,"lastStatement":63,"seen":{"s:133:27:133:Infinity":0,"s:134:40:134:Infinity":1,"s:135:35:135:Infinity":2,"s:137:27:142:Infinity":3,"s:144:56:148:Infinity":4,"s:150:69:154:Infinity":5,"s:156:36:156:Infinity":6,"s:158:28:158:Infinity":7,"s:161:25:165:Infinity":8,"s:205:4:238:Infinity":9,"f:243:16:243:48":0,"s:244:4:258:Infinity":10,"f:261:16:261:41":1,"s:262:4:262:Infinity":11,"f:265:16:265:33":2,"s:266:4:266:Infinity":12,"s:267:4:267:Infinity":13,"s:268:4:268:Infinity":14,"s:269:4:269:Infinity":15,"s:270:4:270:Infinity":16,"s:271:4:271:Infinity":17,"f:274:16:274:41":3,"b:275:4:277:Infinity:undefined:undefined:undefined:undefined":0,"s:275:4:277:Infinity":18,"s:276:8:276:Infinity":19,"s:278:4:278:Infinity":20,"f:281:16:281:37":4,"s:282:20:282:Infinity":21,"b:283:4:285:Infinity:undefined:undefined:undefined:undefined":1,"s:283:4:285:Infinity":22,"s:284:8:284:Infinity":23,"s:286:4:286:Infinity":24,"f:289:16:289:40":5,"s:290:22:290:Infinity":25,"b:291:4:293:Infinity:undefined:undefined:undefined:undefined":2,"s:291:4:293:Infinity":26,"s:292:8:292:Infinity":27,"s:294:4:294:Infinity":28,"f:297:16:297:37":6,"s:298:4:298:Infinity":29,"f:301:9:301:40":7,"s:302:4:302:Infinity":30,"f:302:18:302:19":8,"s:302:31:302:54":31,"f:305:16:305:46":9,"s:306:4:306:Infinity":32,"s:307:4:307:Infinity":33,"s:308:4:308:Infinity":34,"s:309:4:309:Infinity":35,"s:310:4:310:Infinity":36,"f:313:16:313:44":10,"s:314:4:314:Infinity":37,"f:317:16:317:39":11,"s:318:4:318:Infinity":38,"f:325:16:325:50":12,"s:326:4:344:Infinity":39,"s:327:14:327:Infinity":40,"s:328:30:328:Infinity":41,"s:329:8:329:Infinity":42,"s:330:14:330:Infinity":43,"s:332:8:341:Infinity":44,"f:332:43:332:44":13,"s:333:12:337:Infinity":45,"f:333:28:333:29":14,"b:334:16:336:Infinity:undefined:undefined:undefined:undefined":3,"s:334:16:336:Infinity":46,"s:335:20:335:Infinity":47,"b:338:12:340:Infinity:undefined:undefined:undefined:undefined":4,"s:338:12:340:Infinity":48,"s:339:16:339:Infinity":49,"s:343:8:343:Infinity":50,"f:350:16:350:42":15,"s:351:4:369:Infinity":51,"s:352:22:352:Infinity":52,"s:353:27:353:Infinity":53,"s:354:8:354:Infinity":54,"s:355:14:355:Infinity":55,"s:357:8:366:Infinity":56,"f:357:35:357:36":16,"s:358:12:362:Infinity":57,"f:358:28:358:29":17,"b:359:16:361:Infinity:undefined:undefined:undefined:undefined":5,"s:359:16:361:Infinity":58,"s:360:20:360:Infinity":59,"b:363:12:365:Infinity:undefined:undefined:undefined:undefined":6,"s:363:12:365:Infinity":60,"s:364:16:364:Infinity":61,"s:368:8:368:Infinity":62}}}
,"/workspaces/Askesis-2/utils.ts": {"path":"/workspaces/Askesis-2/utils.ts","statementMap":{"0":{"start":{"line":28,"column":26},"end":{"line":28,"column":null}},"1":{"start":{"line":35,"column":23},"end":{"line":38,"column":null}},"2":{"start":{"line":36,"column":8},"end":{"line":36,"column":null}},"3":{"start":{"line":36,"column":33},"end":{"line":36,"column":null}},"4":{"start":{"line":37,"column":8},"end":{"line":37,"column":null}},"5":{"start":{"line":39,"column":4},"end":{"line":44,"column":null}},"6":{"start":{"line":40,"column":8},"end":{"line":43,"column":null}},"7":{"start":{"line":41,"column":12},"end":{"line":41,"column":null}},"8":{"start":{"line":42,"column":12},"end":{"line":42,"column":null}},"9":{"start":{"line":45,"column":4},"end":{"line":45,"column":null}},"10":{"start":{"line":49,"column":33},"end":{"line":49,"column":null}},"11":{"start":{"line":49,"column":71},"end":{"line":49,"column":102}},"12":{"start":{"line":50,"column":26},"end":{"line":50,"column":null}},"13":{"start":{"line":50,"column":64},"end":{"line":50,"column":92}},"14":{"start":{"line":54,"column":18},"end":{"line":54,"column":null}},"15":{"start":{"line":55,"column":16},"end":{"line":55,"column":null}},"16":{"start":{"line":56,"column":29},"end":{"line":56,"column":null}},"17":{"start":{"line":57,"column":23},"end":{"line":57,"column":null}},"18":{"start":{"line":58,"column":4},"end":{"line":61,"column":null}},"19":{"start":{"line":58,"column":17},"end":{"line":58,"column":20}},"20":{"start":{"line":59,"column":21},"end":{"line":59,"column":null}},"21":{"start":{"line":60,"column":8},"end":{"line":60,"column":null}},"22":{"start":{"line":62,"column":4},"end":{"line":62,"column":null}},"23":{"start":{"line":66,"column":26},"end":{"line":66,"column":null}},"24":{"start":{"line":67,"column":16},"end":{"line":67,"column":null}},"25":{"start":{"line":68,"column":18},"end":{"line":68,"column":null}},"26":{"start":{"line":69,"column":4},"end":{"line":71,"column":null}},"27":{"start":{"line":69,"column":17},"end":{"line":69,"column":20}},"28":{"start":{"line":70,"column":8},"end":{"line":70,"column":null}},"29":{"start":{"line":72,"column":4},"end":{"line":72,"column":null}},"30":{"start":{"line":77,"column":18},"end":{"line":77,"column":null}},"31":{"start":{"line":78,"column":16},"end":{"line":78,"column":null}},"32":{"start":{"line":79,"column":14},"end":{"line":79,"column":null}},"33":{"start":{"line":80,"column":4},"end":{"line":82,"column":null}},"34":{"start":{"line":80,"column":17},"end":{"line":80,"column":20}},"35":{"start":{"line":81,"column":8},"end":{"line":81,"column":null}},"36":{"start":{"line":83,"column":4},"end":{"line":83,"column":null}},"37":{"start":{"line":93,"column":4},"end":{"line":95,"column":null}},"38":{"start":{"line":94,"column":8},"end":{"line":94,"column":null}},"39":{"start":{"line":96,"column":19},"end":{"line":96,"column":null}},"40":{"start":{"line":97,"column":29},"end":{"line":97,"column":null}},"41":{"start":{"line":98,"column":21},"end":{"line":98,"column":null}},"42":{"start":{"line":99,"column":17},"end":{"line":99,"column":null}},"43":{"start":{"line":100,"column":24},"end":{"line":100,"column":null}},"44":{"start":{"line":101,"column":4},"end":{"line":101,"column":null}},"45":{"start":{"line":108,"column":4},"end":{"line":110,"column":null}},"46":{"start":{"line":109,"column":8},"end":{"line":109,"column":null}},"47":{"start":{"line":111,"column":4},"end":{"line":120,"column":null}},"48":{"start":{"line":112,"column":24},"end":{"line":112,"column":null}},"49":{"start":{"line":113,"column":23},"end":{"line":113,"column":null}},"50":{"start":{"line":114,"column":35},"end":{"line":114,"column":null}},"51":{"start":{"line":115,"column":25},"end":{"line":115,"column":null}},"52":{"start":{"line":116,"column":8},"end":{"line":116,"column":null}},"53":{"start":{"line":118,"column":8},"end":{"line":118,"column":null}},"54":{"start":{"line":119,"column":8},"end":{"line":119,"column":null}},"55":{"start":{"line":127,"column":19},"end":{"line":127,"column":null}},"56":{"start":{"line":128,"column":4},"end":{"line":128,"column":null}},"57":{"start":{"line":133,"column":4},"end":{"line":135,"column":null}},"58":{"start":{"line":134,"column":8},"end":{"line":134,"column":null}},"59":{"start":{"line":134,"column":64},"end":{"line":134,"column":null}},"60":{"start":{"line":137,"column":17},"end":{"line":137,"column":null}},"61":{"start":{"line":138,"column":4},"end":{"line":153,"column":null}},"62":{"start":{"line":139,"column":8},"end":{"line":143,"column":null}},"63":{"start":{"line":140,"column":12},"end":{"line":140,"column":null}},"64":{"start":{"line":142,"column":12},"end":{"line":142,"column":null}},"65":{"start":{"line":145,"column":26},"end":{"line":145,"column":null}},"66":{"start":{"line":146,"column":22},"end":{"line":146,"column":null}},"67":{"start":{"line":147,"column":8},"end":{"line":152,"column":null}},"68":{"start":{"line":147,"column":21},"end":{"line":147,"column":24}},"69":{"start":{"line":148,"column":22},"end":{"line":148,"column":null}},"70":{"start":{"line":149,"column":23},"end":{"line":149,"column":null}},"71":{"start":{"line":150,"column":23},"end":{"line":150,"column":null}},"72":{"start":{"line":151,"column":12},"end":{"line":151,"column":null}},"73":{"start":{"line":155,"column":4},"end":{"line":155,"column":null}},"74":{"start":{"line":156,"column":4},"end":{"line":156,"column":null}},"75":{"start":{"line":158,"column":4},"end":{"line":163,"column":null}},"76":{"start":{"line":168,"column":4},"end":{"line":168,"column":null}},"77":{"start":{"line":168,"column":31},"end":{"line":168,"column":null}},"78":{"start":{"line":169,"column":17},"end":{"line":169,"column":null}},"79":{"start":{"line":170,"column":18},"end":{"line":170,"column":null}},"80":{"start":{"line":171,"column":16},"end":{"line":171,"column":null}},"81":{"start":{"line":172,"column":4},"end":{"line":172,"column":null}},"82":{"start":{"line":176,"column":18},"end":{"line":176,"column":null}},"83":{"start":{"line":177,"column":4},"end":{"line":177,"column":null}},"84":{"start":{"line":180,"column":37},"end":{"line":180,"column":null}},"85":{"start":{"line":181,"column":26},"end":{"line":181,"column":null}},"86":{"start":{"line":184,"column":16},"end":{"line":184,"column":null}},"87":{"start":{"line":185,"column":4},"end":{"line":188,"column":null}},"88":{"start":{"line":186,"column":8},"end":{"line":186,"column":null}},"89":{"start":{"line":187,"column":8},"end":{"line":187,"column":null}},"90":{"start":{"line":189,"column":4},"end":{"line":189,"column":null}},"91":{"start":{"line":193,"column":4},"end":{"line":193,"column":null}},"92":{"start":{"line":194,"column":4},"end":{"line":194,"column":null}},"93":{"start":{"line":200,"column":4},"end":{"line":203,"column":null}},"94":{"start":{"line":201,"column":8},"end":{"line":201,"column":null}},"95":{"start":{"line":202,"column":8},"end":{"line":202,"column":null}},"96":{"start":{"line":204,"column":16},"end":{"line":204,"column":null}},"97":{"start":{"line":205,"column":21},"end":{"line":205,"column":null}},"98":{"start":{"line":206,"column":25},"end":{"line":206,"column":null}},"99":{"start":{"line":207,"column":4},"end":{"line":211,"column":null}},"100":{"start":{"line":208,"column":8},"end":{"line":208,"column":null}},"101":{"start":{"line":209,"column":8},"end":{"line":209,"column":null}},"102":{"start":{"line":210,"column":8},"end":{"line":210,"column":null}},"103":{"start":{"line":215,"column":4},"end":{"line":215,"column":null}},"104":{"start":{"line":215,"column":53},"end":{"line":215,"column":null}},"105":{"start":{"line":216,"column":17},"end":{"line":216,"column":null}},"106":{"start":{"line":217,"column":4},"end":{"line":217,"column":null}},"107":{"start":{"line":217,"column":31},"end":{"line":217,"column":null}},"108":{"start":{"line":219,"column":4},"end":{"line":226,"column":null}},"109":{"start":{"line":220,"column":21},"end":{"line":220,"column":null}},"110":{"start":{"line":221,"column":22},"end":{"line":221,"column":null}},"111":{"start":{"line":222,"column":20},"end":{"line":222,"column":null}},"112":{"start":{"line":223,"column":8},"end":{"line":225,"column":null}},"113":{"start":{"line":225,"column":58},"end":{"line":225,"column":null}},"114":{"start":{"line":227,"column":4},"end":{"line":227,"column":null}},"115":{"start":{"line":231,"column":19},"end":{"line":231,"column":null}},"116":{"start":{"line":232,"column":4},"end":{"line":232,"column":null}},"117":{"start":{"line":233,"column":4},"end":{"line":233,"column":null}},"118":{"start":{"line":236,"column":23},"end":{"line":236,"column":null}},"119":{"start":{"line":238,"column":4},"end":{"line":238,"column":null}},"120":{"start":{"line":238,"column":45},"end":{"line":238,"column":null}},"121":{"start":{"line":239,"column":4},"end":{"line":239,"column":null}},"122":{"start":{"line":243,"column":26},"end":{"line":243,"column":null}},"123":{"start":{"line":244,"column":52},"end":{"line":244,"column":null}},"124":{"start":{"line":245,"column":24},"end":{"line":245,"column":null}},"125":{"start":{"line":245,"column":43},"end":{"line":245,"column":null}},"126":{"start":{"line":246,"column":50},"end":{"line":246,"column":117}},"127":{"start":{"line":249,"column":33},"end":{"line":249,"column":null}},"128":{"start":{"line":250,"column":30},"end":{"line":250,"column":null}},"129":{"start":{"line":251,"column":20},"end":{"line":257,"column":null}},"130":{"start":{"line":252,"column":4},"end":{"line":252,"column":null}},"131":{"start":{"line":252,"column":12},"end":{"line":252,"column":null}},"132":{"start":{"line":253,"column":4},"end":{"line":253,"column":null}},"133":{"start":{"line":253,"column":12},"end":{"line":253,"column":null}},"134":{"start":{"line":254,"column":4},"end":{"line":254,"column":null}},"135":{"start":{"line":254,"column":12},"end":{"line":254,"column":null}},"136":{"start":{"line":255,"column":4},"end":{"line":255,"column":null}},"137":{"start":{"line":255,"column":12},"end":{"line":255,"column":null}},"138":{"start":{"line":256,"column":4},"end":{"line":256,"column":null}},"139":{"start":{"line":258,"column":46},"end":{"line":258,"column":118}},"140":{"start":{"line":260,"column":20},"end":{"line":260,"column":null}},"141":{"start":{"line":263,"column":19},"end":{"line":263,"column":null}},"142":{"start":{"line":264,"column":22},"end":{"line":279,"column":null}},"143":{"start":{"line":266,"column":8},"end":{"line":266,"column":null}},"144":{"start":{"line":266,"column":25},"end":{"line":266,"column":null}},"145":{"start":{"line":267,"column":8},"end":{"line":268,"column":null}},"146":{"start":{"line":267,"column":32},"end":{"line":267,"column":null}},"147":{"start":{"line":268,"column":13},"end":{"line":268,"column":null}},"148":{"start":{"line":271,"column":8},"end":{"line":271,"column":null}},"149":{"start":{"line":271,"column":25},"end":{"line":271,"column":null}},"150":{"start":{"line":272,"column":8},"end":{"line":273,"column":null}},"151":{"start":{"line":272,"column":32},"end":{"line":272,"column":null}},"152":{"start":{"line":273,"column":13},"end":{"line":273,"column":null}},"153":{"start":{"line":276,"column":8},"end":{"line":277,"column":null}},"154":{"start":{"line":276,"column":32},"end":{"line":276,"column":null}},"155":{"start":{"line":277,"column":13},"end":{"line":277,"column":null}},"156":{"start":{"line":280,"column":20},"end":{"line":280,"column":null}},"157":{"start":{"line":281,"column":20},"end":{"line":281,"column":null}},"158":{"start":{"line":282,"column":20},"end":{"line":282,"column":null}},"159":{"start":{"line":285,"column":4},"end":{"line":285,"column":null}},"160":{"start":{"line":285,"column":15},"end":{"line":285,"column":null}},"161":{"start":{"line":286,"column":27},"end":{"line":286,"column":null}},"162":{"start":{"line":287,"column":26},"end":{"line":287,"column":null}},"163":{"start":{"line":288,"column":24},"end":{"line":288,"column":null}},"164":{"start":{"line":289,"column":23},"end":{"line":289,"column":null}},"165":{"start":{"line":289,"column":31},"end":{"line":289,"column":101}},"166":{"start":{"line":289,"column":54},"end":{"line":289,"column":74}},"167":{"start":{"line":289,"column":74},"end":{"line":289,"column":99}},"168":{"start":{"line":289,"column":101},"end":{"line":289,"column":167}},"169":{"start":{"line":289,"column":122},"end":{"line":289,"column":142}},"170":{"start":{"line":289,"column":142},"end":{"line":289,"column":165}},"171":{"start":{"line":290,"column":21},"end":{"line":290,"column":null}},"172":{"start":{"line":291,"column":19},"end":{"line":291,"column":null}},"173":{"start":{"line":292,"column":16},"end":{"line":292,"column":null}},"174":{"start":{"line":293,"column":4},"end":{"line":305,"column":null}},"175":{"start":{"line":294,"column":8},"end":{"line":294,"column":null}},"176":{"start":{"line":295,"column":8},"end":{"line":295,"column":null}},"177":{"start":{"line":295,"column":29},"end":{"line":295,"column":null}},"178":{"start":{"line":296,"column":21},"end":{"line":296,"column":null}},"179":{"start":{"line":297,"column":28},"end":{"line":297,"column":null}},"180":{"start":{"line":298,"column":8},"end":{"line":303,"column":null}},"181":{"start":{"line":298,"column":45},"end":{"line":298,"column":59}},"182":{"start":{"line":298,"column":59},"end":{"line":298,"column":117}},"183":{"start":{"line":298,"column":117},"end":{"line":303,"column":null}},"184":{"start":{"line":299,"column":50},"end":{"line":299,"column":64}},"185":{"start":{"line":299,"column":64},"end":{"line":299,"column":122}},"186":{"start":{"line":299,"column":122},"end":{"line":303,"column":null}},"187":{"start":{"line":300,"column":50},"end":{"line":300,"column":64}},"188":{"start":{"line":300,"column":64},"end":{"line":300,"column":122}},"189":{"start":{"line":300,"column":122},"end":{"line":303,"column":null}},"190":{"start":{"line":301,"column":50},"end":{"line":301,"column":116}},"191":{"start":{"line":301,"column":71},"end":{"line":301,"column":91}},"192":{"start":{"line":301,"column":91},"end":{"line":301,"column":114}},"193":{"start":{"line":301,"column":116},"end":{"line":301,"column":185}},"194":{"start":{"line":301,"column":140},"end":{"line":301,"column":159}},"195":{"start":{"line":301,"column":159},"end":{"line":301,"column":183}},"196":{"start":{"line":301,"column":185},"end":{"line":301,"column":250}},"197":{"start":{"line":301,"column":250},"end":{"line":303,"column":null}},"198":{"start":{"line":302,"column":61},"end":{"line":302,"column":131}},"199":{"start":{"line":302,"column":84},"end":{"line":302,"column":104}},"200":{"start":{"line":302,"column":104},"end":{"line":302,"column":129}},"201":{"start":{"line":302,"column":131},"end":{"line":302,"column":196}},"202":{"start":{"line":302,"column":153},"end":{"line":302,"column":172}},"203":{"start":{"line":302,"column":172},"end":{"line":302,"column":194}},"204":{"start":{"line":302,"column":196},"end":{"line":302,"column":276}},"205":{"start":{"line":303,"column":15},"end":{"line":303,"column":29}},"206":{"start":{"line":303,"column":29},"end":{"line":303,"column":100}},"207":{"start":{"line":303,"column":57},"end":{"line":303,"column":100}},"208":{"start":{"line":304,"column":8},"end":{"line":304,"column":null}},"209":{"start":{"line":306,"column":4},"end":{"line":306,"column":null}},"210":{"start":{"line":307,"column":4},"end":{"line":307,"column":null}},"211":{"start":{"line":312,"column":4},"end":{"line":312,"column":null}},"212":{"start":{"line":312,"column":39},"end":{"line":312,"column":null}},"213":{"start":{"line":313,"column":4},"end":{"line":314,"column":null}},"214":{"start":{"line":313,"column":51},"end":{"line":313,"column":110}},"215":{"start":{"line":313,"column":110},"end":{"line":313,"column":151}},"216":{"start":{"line":314,"column":9},"end":{"line":314,"column":null}},"217":{"start":{"line":317,"column":24},"end":{"line":317,"column":null}},"218":{"start":{"line":319,"column":4},"end":{"line":319,"column":null}},"219":{"start":{"line":319,"column":63},"end":{"line":319,"column":null}},"220":{"start":{"line":319,"column":69},"end":{"line":319,"column":111}},"221":{"start":{"line":323,"column":46},"end":{"line":323,"column":null}},"222":{"start":{"line":324,"column":45},"end":{"line":324,"column":null}},"223":{"start":{"line":326,"column":4},"end":{"line":326,"column":null}},"224":{"start":{"line":326,"column":61},"end":{"line":326,"column":null}},"225":{"start":{"line":327,"column":4},"end":{"line":331,"column":null}},"226":{"start":{"line":328,"column":27},"end":{"line":328,"column":null}},"227":{"start":{"line":329,"column":8},"end":{"line":329,"column":null}},"228":{"start":{"line":330,"column":8},"end":{"line":330,"column":null}},"229":{"start":{"line":331,"column":14},"end":{"line":331,"column":52}},"230":{"start":{"line":331,"column":52},"end":{"line":331,"column":89}},"231":{"start":{"line":334,"column":14},"end":{"line":334,"column":null}},"232":{"start":{"line":335,"column":4},"end":{"line":341,"column":null}},"233":{"start":{"line":335,"column":17},"end":{"line":335,"column":20}},"234":{"start":{"line":336,"column":18},"end":{"line":336,"column":null}},"235":{"start":{"line":337,"column":8},"end":{"line":337,"column":null}},"236":{"start":{"line":338,"column":8},"end":{"line":340,"column":null}},"237":{"start":{"line":338,"column":32},"end":{"line":338,"column":null}},"238":{"start":{"line":338,"column":44},"end":{"line":340,"column":null}},"239":{"start":{"line":339,"column":37},"end":{"line":339,"column":null}},"240":{"start":{"line":339,"column":49},"end":{"line":340,"column":null}},"241":{"start":{"line":340,"column":38},"end":{"line":340,"column":null}},"242":{"start":{"line":342,"column":4},"end":{"line":342,"column":null}},"243":{"start":{"line":344,"column":23},"end":{"line":344,"column":null}},"244":{"start":{"line":346,"column":19},"end":{"line":346,"column":null}},"245":{"start":{"line":347,"column":4},"end":{"line":347,"column":null}},"246":{"start":{"line":347,"column":16},"end":{"line":347,"column":null}},"247":{"start":{"line":348,"column":4},"end":{"line":348,"column":null}},"248":{"start":{"line":349,"column":4},"end":{"line":349,"column":null}},"249":{"start":{"line":349,"column":42},"end":{"line":349,"column":null}},"250":{"start":{"line":350,"column":4},"end":{"line":362,"column":null}},"251":{"start":{"line":351,"column":22},"end":{"line":351,"column":null}},"252":{"start":{"line":352,"column":8},"end":{"line":355,"column":null}},"253":{"start":{"line":353,"column":22},"end":{"line":353,"column":35}},"254":{"start":{"line":353,"column":39},"end":{"line":353,"column":52}},"255":{"start":{"line":353,"column":56},"end":{"line":353,"column":null}},"256":{"start":{"line":354,"column":12},"end":{"line":354,"column":null}},"257":{"start":{"line":356,"column":23},"end":{"line":356,"column":null}},"258":{"start":{"line":357,"column":18},"end":{"line":357,"column":46}},"259":{"start":{"line":357,"column":50},"end":{"line":357,"column":82}},"260":{"start":{"line":357,"column":86},"end":{"line":357,"column":null}},"261":{"start":{"line":358,"column":21},"end":{"line":358,"column":null}},"262":{"start":{"line":359,"column":24},"end":{"line":359,"column":null}},"263":{"start":{"line":360,"column":8},"end":{"line":360,"column":null}},"264":{"start":{"line":360,"column":39},"end":{"line":360,"column":null}},"265":{"start":{"line":361,"column":8},"end":{"line":361,"column":null}},"266":{"start":{"line":362,"column":14},"end":{"line":362,"column":48}}},"fnMap":{"0":{"name":"createDebounced","decl":{"start":{"line":33,"column":16},"end":{"line":33,"column":32}},"loc":{"start":{"line":33,"column":78},"end":{"line":46,"column":null}},"line":33},"1":{"name":"(anonymous_1)","decl":{"start":{"line":35,"column":23},"end":{"line":35,"column":29}},"loc":{"start":{"line":35,"column":29},"end":{"line":38,"column":null}},"line":35},"2":{"name":"(anonymous_2)","decl":{"start":{"line":39,"column":23},"end":{"line":39,"column":29}},"loc":{"start":{"line":39,"column":29},"end":{"line":44,"column":null}},"line":39},"3":{"name":"(anonymous_3)","decl":{"start":{"line":49,"column":61},"end":{"line":49,"column":62}},"loc":{"start":{"line":49,"column":71},"end":{"line":49,"column":102}},"line":49},"4":{"name":"(anonymous_4)","decl":{"start":{"line":50,"column":54},"end":{"line":50,"column":55}},"loc":{"start":{"line":50,"column":64},"end":{"line":50,"column":92}},"line":50},"5":{"name":"arrayBufferToBase64","decl":{"start":{"line":53,"column":16},"end":{"line":53,"column":36}},"loc":{"start":{"line":53,"column":65},"end":{"line":63,"column":null}},"line":53},"6":{"name":"base64ToArrayBuffer","decl":{"start":{"line":65,"column":16},"end":{"line":65,"column":36}},"loc":{"start":{"line":65,"column":65},"end":{"line":73,"column":null}},"line":65},"7":{"name":"arrayBufferToHex","decl":{"start":{"line":76,"column":16},"end":{"line":76,"column":33}},"loc":{"start":{"line":76,"column":62},"end":{"line":84,"column":null}},"line":76},"8":{"name":"compressToBuffer","decl":{"start":{"line":92,"column":22},"end":{"line":92,"column":39}},"loc":{"start":{"line":92,"column":74},"end":{"line":102,"column":null}},"line":92},"9":{"name":"decompressFromBuffer","decl":{"start":{"line":107,"column":22},"end":{"line":107,"column":43}},"loc":{"start":{"line":107,"column":98},"end":{"line":121,"column":null}},"line":107},"10":{"name":"decompressString","decl":{"start":{"line":126,"column":22},"end":{"line":126,"column":39}},"loc":{"start":{"line":126,"column":76},"end":{"line":129,"column":null}},"line":126},"11":{"name":"generateUUID","decl":{"start":{"line":132,"column":16},"end":{"line":132,"column":39}},"loc":{"start":{"line":132,"column":39},"end":{"line":164,"column":null}},"line":132},"12":{"name":"toUTCIsoDateString","decl":{"start":{"line":167,"column":16},"end":{"line":167,"column":35}},"loc":{"start":{"line":167,"column":55},"end":{"line":173,"column":null}},"line":167},"13":{"name":"getTodayUTC","decl":{"start":{"line":175,"column":16},"end":{"line":175,"column":36}},"loc":{"start":{"line":175,"column":36},"end":{"line":178,"column":null}},"line":175},"14":{"name":"getTodayUTCIso","decl":{"start":{"line":183,"column":16},"end":{"line":183,"column":41}},"loc":{"start":{"line":183,"column":41},"end":{"line":190,"column":null}},"line":183},"15":{"name":"resetTodayCache","decl":{"start":{"line":192,"column":16},"end":{"line":192,"column":34}},"loc":{"start":{"line":192,"column":34},"end":{"line":195,"column":null}},"line":192},"16":{"name":"setupMidnightLoop","decl":{"start":{"line":199,"column":16},"end":{"line":199,"column":36}},"loc":{"start":{"line":199,"column":36},"end":{"line":212,"column":null}},"line":199},"17":{"name":"(anonymous_17)","decl":{"start":{"line":207,"column":39},"end":{"line":207,"column":45}},"loc":{"start":{"line":207,"column":45},"end":{"line":211,"column":7}},"line":207},"18":{"name":"parseUTCIsoDate","decl":{"start":{"line":214,"column":16},"end":{"line":214,"column":32}},"loc":{"start":{"line":214,"column":57},"end":{"line":228,"column":null}},"line":214},"19":{"name":"addDays","decl":{"start":{"line":230,"column":16},"end":{"line":230,"column":24}},"loc":{"start":{"line":230,"column":56},"end":{"line":234,"column":null}},"line":230},"20":{"name":"getSafeDate","decl":{"start":{"line":237,"column":16},"end":{"line":237,"column":28}},"loc":{"start":{"line":237,"column":69},"end":{"line":240,"column":null}},"line":237},"21":{"name":"(anonymous_21)","decl":{"start":{"line":245,"column":24},"end":{"line":245,"column":25}},"loc":{"start":{"line":245,"column":43},"end":{"line":245,"column":null}},"line":245},"22":{"name":"escapeHTML","decl":{"start":{"line":246,"column":16},"end":{"line":246,"column":27}},"loc":{"start":{"line":246,"column":48},"end":{"line":246,"column":null}},"line":246},"23":{"name":"(anonymous_23)","decl":{"start":{"line":251,"column":20},"end":{"line":251,"column":21}},"loc":{"start":{"line":251,"column":135},"end":{"line":257,"column":null}},"line":251},"24":{"name":"formatInline","decl":{"start":{"line":258,"column":9},"end":{"line":258,"column":22}},"loc":{"start":{"line":258,"column":44},"end":{"line":258,"column":null}},"line":258},"25":{"name":"(anonymous_25)","decl":{"start":{"line":265,"column":10},"end":{"line":265,"column":11}},"loc":{"start":{"line":265,"column":47},"end":{"line":269,"column":null}},"line":265},"26":{"name":"(anonymous_26)","decl":{"start":{"line":270,"column":10},"end":{"line":270,"column":11}},"loc":{"start":{"line":270,"column":47},"end":{"line":274,"column":null}},"line":270},"27":{"name":"(anonymous_27)","decl":{"start":{"line":275,"column":11},"end":{"line":275,"column":12}},"loc":{"start":{"line":275,"column":48},"end":{"line":278,"column":null}},"line":275},"28":{"name":"simpleMarkdownToHTML","decl":{"start":{"line":284,"column":16},"end":{"line":284,"column":37}},"loc":{"start":{"line":284,"column":59},"end":{"line":308,"column":null}},"line":284},"29":{"name":"(anonymous_29)","decl":{"start":{"line":289,"column":23},"end":{"line":289,"column":29}},"loc":{"start":{"line":289,"column":29},"end":{"line":289,"column":null}},"line":289},"30":{"name":"pushToOneSignal","decl":{"start":{"line":311,"column":16},"end":{"line":311,"column":32}},"loc":{"start":{"line":311,"column":68},"end":{"line":315,"column":null}},"line":311},"31":{"name":"triggerHaptic","decl":{"start":{"line":318,"column":16},"end":{"line":318,"column":30}},"loc":{"start":{"line":318,"column":66},"end":{"line":320,"column":null}},"line":318},"32":{"name":"_cacheContrastColors","decl":{"start":{"line":325,"column":9},"end":{"line":325,"column":32}},"loc":{"start":{"line":325,"column":32},"end":{"line":332,"column":null}},"line":325},"33":{"name":"_readHex2","decl":{"start":{"line":333,"column":9},"end":{"line":333,"column":19}},"loc":{"start":{"line":333,"column":56},"end":{"line":343,"column":null}},"line":333},"34":{"name":"getContrastColor","decl":{"start":{"line":345,"column":16},"end":{"line":345,"column":33}},"loc":{"start":{"line":345,"column":59},"end":{"line":363,"column":null}},"line":345}},"branchMap":{"0":{"loc":{"start":{"line":36,"column":8},"end":{"line":36,"column":null}},"type":"if","locations":[{"start":{"line":36,"column":8},"end":{"line":36,"column":null}},{"start":{},"end":{}}],"line":36},"1":{"loc":{"start":{"line":40,"column":8},"end":{"line":43,"column":null}},"type":"if","locations":[{"start":{"line":40,"column":8},"end":{"line":43,"column":null}},{"start":{},"end":{}}],"line":40},"2":{"loc":{"start":{"line":50,"column":64},"end":{"line":50,"column":92}},"type":"cond-expr","locations":[{"start":{"line":50,"column":73},"end":{"line":50,"column":83}},{"start":{"line":50,"column":83},"end":{"line":50,"column":92}}],"line":50},"3":{"loc":{"start":{"line":59,"column":21},"end":{"line":59,"column":null}},"type":"cond-expr","locations":[{"start":{"line":59,"column":45},"end":{"line":59,"column":51}},{"start":{"line":59,"column":51},"end":{"line":59,"column":null}}],"line":59},"4":{"loc":{"start":{"line":93,"column":4},"end":{"line":95,"column":null}},"type":"if","locations":[{"start":{"line":93,"column":4},"end":{"line":95,"column":null}},{"start":{},"end":{}}],"line":93},"5":{"loc":{"start":{"line":108,"column":4},"end":{"line":110,"column":null}},"type":"if","locations":[{"start":{"line":108,"column":4},"end":{"line":110,"column":null}},{"start":{},"end":{}}],"line":108},"6":{"loc":{"start":{"line":112,"column":24},"end":{"line":112,"column":null}},"type":"cond-expr","locations":[{"start":{"line":112,"column":60},"end":{"line":112,"column":73}},{"start":{"line":112,"column":73},"end":{"line":112,"column":null}}],"line":112},"7":{"loc":{"start":{"line":134,"column":8},"end":{"line":134,"column":null}},"type":"if","locations":[{"start":{"line":134,"column":8},"end":{"line":134,"column":null}},{"start":{},"end":{}}],"line":134},"8":{"loc":{"start":{"line":134,"column":12},"end":{"line":134,"column":64}},"type":"binary-expr","locations":[{"start":{"line":134,"column":12},"end":{"line":134,"column":45}},{"start":{"line":134,"column":45},"end":{"line":134,"column":64}}],"line":134},"9":{"loc":{"start":{"line":139,"column":8},"end":{"line":143,"column":null}},"type":"if","locations":[{"start":{"line":139,"column":8},"end":{"line":143,"column":null}},{"start":{"line":141,"column":15},"end":{"line":143,"column":null}}],"line":139},"10":{"loc":{"start":{"line":139,"column":12},"end":{"line":139,"column":69}},"type":"binary-expr","locations":[{"start":{"line":139,"column":12},"end":{"line":139,"column":45}},{"start":{"line":139,"column":45},"end":{"line":139,"column":69}}],"line":139},"11":{"loc":{"start":{"line":146,"column":22},"end":{"line":146,"column":null}},"type":"cond-expr","locations":[{"start":{"line":146,"column":79},"end":{"line":146,"column":106}},{"start":{"line":146,"column":106},"end":{"line":146,"column":null}}],"line":146},"12":{"loc":{"start":{"line":146,"column":22},"end":{"line":146,"column":79}},"type":"binary-expr","locations":[{"start":{"line":146,"column":22},"end":{"line":146,"column":60}},{"start":{"line":146,"column":60},"end":{"line":146,"column":79}}],"line":146},"13":{"loc":{"start":{"line":168,"column":4},"end":{"line":168,"column":null}},"type":"if","locations":[{"start":{"line":168,"column":4},"end":{"line":168,"column":null}},{"start":{},"end":{}}],"line":168},"14":{"loc":{"start":{"line":185,"column":4},"end":{"line":188,"column":null}},"type":"if","locations":[{"start":{"line":185,"column":4},"end":{"line":188,"column":null}},{"start":{},"end":{}}],"line":185},"15":{"loc":{"start":{"line":185,"column":8},"end":{"line":185,"column":65}},"type":"binary-expr","locations":[{"start":{"line":185,"column":8},"end":{"line":185,"column":29}},{"start":{"line":185,"column":29},"end":{"line":185,"column":65}}],"line":185},"16":{"loc":{"start":{"line":200,"column":4},"end":{"line":203,"column":null}},"type":"if","locations":[{"start":{"line":200,"column":4},"end":{"line":203,"column":null}},{"start":{},"end":{}}],"line":200},"17":{"loc":{"start":{"line":215,"column":4},"end":{"line":215,"column":null}},"type":"if","locations":[{"start":{"line":215,"column":4},"end":{"line":215,"column":null}},{"start":{},"end":{}}],"line":215},"18":{"loc":{"start":{"line":215,"column":8},"end":{"line":215,"column":53}},"type":"binary-expr","locations":[{"start":{"line":215,"column":8},"end":{"line":215,"column":22}},{"start":{"line":215,"column":22},"end":{"line":215,"column":53}}],"line":215},"19":{"loc":{"start":{"line":217,"column":4},"end":{"line":217,"column":null}},"type":"if","locations":[{"start":{"line":217,"column":4},"end":{"line":217,"column":null}},{"start":{},"end":{}}],"line":217},"20":{"loc":{"start":{"line":219,"column":4},"end":{"line":226,"column":null}},"type":"if","locations":[{"start":{"line":219,"column":4},"end":{"line":226,"column":null}},{"start":{},"end":{}}],"line":219},"21":{"loc":{"start":{"line":223,"column":8},"end":{"line":225,"column":null}},"type":"if","locations":[{"start":{"line":223,"column":8},"end":{"line":225,"column":null}},{"start":{},"end":{}}],"line":223},"22":{"loc":{"start":{"line":223,"column":12},"end":{"line":225,"column":58}},"type":"binary-expr","locations":[{"start":{"line":223,"column":12},"end":{"line":223,"column":null}},{"start":{"line":224,"column":12},"end":{"line":224,"column":null}},{"start":{"line":225,"column":12},"end":{"line":225,"column":58}}],"line":223},"23":{"loc":{"start":{"line":238,"column":4},"end":{"line":238,"column":null}},"type":"if","locations":[{"start":{"line":238,"column":4},"end":{"line":238,"column":null}},{"start":{},"end":{}}],"line":238},"24":{"loc":{"start":{"line":238,"column":8},"end":{"line":238,"column":45}},"type":"binary-expr","locations":[{"start":{"line":238,"column":8},"end":{"line":238,"column":17}},{"start":{"line":238,"column":17},"end":{"line":238,"column":45}}],"line":238},"25":{"loc":{"start":{"line":246,"column":57},"end":{"line":246,"column":117}},"type":"cond-expr","locations":[{"start":{"line":246,"column":63},"end":{"line":246,"column":113}},{"start":{"line":246,"column":113},"end":{"line":246,"column":117}}],"line":246},"26":{"loc":{"start":{"line":252,"column":4},"end":{"line":252,"column":null}},"type":"if","locations":[{"start":{"line":252,"column":4},"end":{"line":252,"column":null}},{"start":{},"end":{}}],"line":252},"27":{"loc":{"start":{"line":253,"column":4},"end":{"line":253,"column":null}},"type":"if","locations":[{"start":{"line":253,"column":4},"end":{"line":253,"column":null}},{"start":{},"end":{}}],"line":253},"28":{"loc":{"start":{"line":254,"column":4},"end":{"line":254,"column":null}},"type":"if","locations":[{"start":{"line":254,"column":4},"end":{"line":254,"column":null}},{"start":{},"end":{}}],"line":254},"29":{"loc":{"start":{"line":255,"column":4},"end":{"line":255,"column":null}},"type":"if","locations":[{"start":{"line":255,"column":4},"end":{"line":255,"column":null}},{"start":{},"end":{}}],"line":255},"30":{"loc":{"start":{"line":263,"column":19},"end":{"line":263,"column":null}},"type":"binary-expr","locations":[{"start":{"line":263,"column":19},"end":{"line":263,"column":53}},{"start":{"line":263,"column":53},"end":{"line":263,"column":70}},{"start":{"line":263,"column":70},"end":{"line":263,"column":null}}],"line":263},"31":{"loc":{"start":{"line":266,"column":8},"end":{"line":266,"column":null}},"type":"if","locations":[{"start":{"line":266,"column":8},"end":{"line":266,"column":null}},{"start":{},"end":{}}],"line":266},"32":{"loc":{"start":{"line":267,"column":8},"end":{"line":268,"column":null}},"type":"if","locations":[{"start":{"line":267,"column":8},"end":{"line":268,"column":null}},{"start":{"line":268,"column":13},"end":{"line":268,"column":null}}],"line":267},"33":{"loc":{"start":{"line":271,"column":8},"end":{"line":271,"column":null}},"type":"if","locations":[{"start":{"line":271,"column":8},"end":{"line":271,"column":null}},{"start":{},"end":{}}],"line":271},"34":{"loc":{"start":{"line":272,"column":8},"end":{"line":273,"column":null}},"type":"if","locations":[{"start":{"line":272,"column":8},"end":{"line":273,"column":null}},{"start":{"line":273,"column":13},"end":{"line":273,"column":null}}],"line":272},"35":{"loc":{"start":{"line":276,"column":8},"end":{"line":277,"column":null}},"type":"if","locations":[{"start":{"line":276,"column":8},"end":{"line":277,"column":null}},{"start":{"line":277,"column":13},"end":{"line":277,"column":null}}],"line":276},"36":{"loc":{"start":{"line":285,"column":4},"end":{"line":285,"column":null}},"type":"if","locations":[{"start":{"line":285,"column":4},"end":{"line":285,"column":null}},{"start":{},"end":{}}],"line":285},"37":{"loc":{"start":{"line":289,"column":31},"end":{"line":289,"column":101}},"type":"if","locations":[{"start":{"line":289,"column":31},"end":{"line":289,"column":101}},{"start":{},"end":{}}],"line":289},"38":{"loc":{"start":{"line":289,"column":101},"end":{"line":289,"column":167}},"type":"if","locations":[{"start":{"line":289,"column":101},"end":{"line":289,"column":167}},{"start":{},"end":{}}],"line":289},"39":{"loc":{"start":{"line":295,"column":8},"end":{"line":295,"column":null}},"type":"if","locations":[{"start":{"line":295,"column":8},"end":{"line":295,"column":null}},{"start":{},"end":{}}],"line":295},"40":{"loc":{"start":{"line":298,"column":8},"end":{"line":303,"column":null}},"type":"if","locations":[{"start":{"line":298,"column":8},"end":{"line":303,"column":null}},{"start":{"line":298,"column":117},"end":{"line":303,"column":null}}],"line":298},"41":{"loc":{"start":{"line":298,"column":117},"end":{"line":303,"column":null}},"type":"if","locations":[{"start":{"line":298,"column":117},"end":{"line":303,"column":null}},{"start":{"line":299,"column":122},"end":{"line":303,"column":null}}],"line":298},"42":{"loc":{"start":{"line":299,"column":122},"end":{"line":303,"column":null}},"type":"if","locations":[{"start":{"line":299,"column":122},"end":{"line":303,"column":null}},{"start":{"line":300,"column":122},"end":{"line":303,"column":null}}],"line":299},"43":{"loc":{"start":{"line":300,"column":122},"end":{"line":303,"column":null}},"type":"if","locations":[{"start":{"line":300,"column":122},"end":{"line":303,"column":null}},{"start":{"line":301,"column":250},"end":{"line":303,"column":null}}],"line":300},"44":{"loc":{"start":{"line":301,"column":50},"end":{"line":301,"column":116}},"type":"if","locations":[{"start":{"line":301,"column":50},"end":{"line":301,"column":116}},{"start":{},"end":{}}],"line":301},"45":{"loc":{"start":{"line":301,"column":116},"end":{"line":301,"column":185}},"type":"if","locations":[{"start":{"line":301,"column":116},"end":{"line":301,"column":185}},{"start":{},"end":{}}],"line":301},"46":{"loc":{"start":{"line":301,"column":250},"end":{"line":303,"column":null}},"type":"if","locations":[{"start":{"line":301,"column":250},"end":{"line":303,"column":null}},{"start":{"line":303,"column":13},"end":{"line":303,"column":null}}],"line":301},"47":{"loc":{"start":{"line":302,"column":61},"end":{"line":302,"column":131}},"type":"if","locations":[{"start":{"line":302,"column":61},"end":{"line":302,"column":131}},{"start":{},"end":{}}],"line":302},"48":{"loc":{"start":{"line":302,"column":131},"end":{"line":302,"column":196}},"type":"if","locations":[{"start":{"line":302,"column":131},"end":{"line":302,"column":196}},{"start":{},"end":{}}],"line":302},"49":{"loc":{"start":{"line":303,"column":29},"end":{"line":303,"column":100}},"type":"if","locations":[{"start":{"line":303,"column":29},"end":{"line":303,"column":100}},{"start":{},"end":{}}],"line":303},"50":{"loc":{"start":{"line":312,"column":4},"end":{"line":312,"column":null}},"type":"if","locations":[{"start":{"line":312,"column":4},"end":{"line":312,"column":null}},{"start":{},"end":{}}],"line":312},"51":{"loc":{"start":{"line":313,"column":4},"end":{"line":314,"column":null}},"type":"if","locations":[{"start":{"line":313,"column":4},"end":{"line":314,"column":null}},{"start":{"line":314,"column":9},"end":{"line":314,"column":null}}],"line":313},"52":{"loc":{"start":{"line":313,"column":78},"end":{"line":313,"column":110}},"type":"binary-expr","locations":[{"start":{"line":313,"column":78},"end":{"line":313,"column":106}},{"start":{"line":313,"column":106},"end":{"line":313,"column":110}}],"line":313},"53":{"loc":{"start":{"line":319,"column":4},"end":{"line":319,"column":null}},"type":"if","locations":[{"start":{"line":319,"column":4},"end":{"line":319,"column":null}},{"start":{},"end":{}}],"line":319},"54":{"loc":{"start":{"line":319,"column":8},"end":{"line":319,"column":63}},"type":"binary-expr","locations":[{"start":{"line":319,"column":8},"end":{"line":319,"column":44}},{"start":{"line":319,"column":44},"end":{"line":319,"column":63}}],"line":319},"55":{"loc":{"start":{"line":326,"column":4},"end":{"line":326,"column":null}},"type":"if","locations":[{"start":{"line":326,"column":4},"end":{"line":326,"column":null}},{"start":{},"end":{}}],"line":326},"56":{"loc":{"start":{"line":326,"column":8},"end":{"line":326,"column":61}},"type":"binary-expr","locations":[{"start":{"line":326,"column":8},"end":{"line":326,"column":36}},{"start":{"line":326,"column":36},"end":{"line":326,"column":61}}],"line":326},"57":{"loc":{"start":{"line":329,"column":35},"end":{"line":329,"column":null}},"type":"binary-expr","locations":[{"start":{"line":329,"column":35},"end":{"line":329,"column":91}},{"start":{"line":329,"column":91},"end":{"line":329,"column":null}}],"line":329},"58":{"loc":{"start":{"line":330,"column":34},"end":{"line":330,"column":null}},"type":"binary-expr","locations":[{"start":{"line":330,"column":34},"end":{"line":330,"column":86}},{"start":{"line":330,"column":86},"end":{"line":330,"column":null}}],"line":330},"59":{"loc":{"start":{"line":338,"column":8},"end":{"line":340,"column":null}},"type":"if","locations":[{"start":{"line":338,"column":8},"end":{"line":340,"column":null}},{"start":{"line":338,"column":44},"end":{"line":340,"column":null}}],"line":338},"60":{"loc":{"start":{"line":338,"column":12},"end":{"line":338,"column":32}},"type":"binary-expr","locations":[{"start":{"line":338,"column":12},"end":{"line":338,"column":23}},{"start":{"line":338,"column":23},"end":{"line":338,"column":32}}],"line":338},"61":{"loc":{"start":{"line":338,"column":44},"end":{"line":340,"column":null}},"type":"if","locations":[{"start":{"line":338,"column":44},"end":{"line":340,"column":null}},{"start":{"line":339,"column":49},"end":{"line":340,"column":null}}],"line":338},"62":{"loc":{"start":{"line":339,"column":17},"end":{"line":339,"column":37}},"type":"binary-expr","locations":[{"start":{"line":339,"column":17},"end":{"line":339,"column":28}},{"start":{"line":339,"column":28},"end":{"line":339,"column":37}}],"line":339},"63":{"loc":{"start":{"line":339,"column":49},"end":{"line":340,"column":null}},"type":"if","locations":[{"start":{"line":339,"column":49},"end":{"line":340,"column":null}},{"start":{},"end":{}}],"line":339},"64":{"loc":{"start":{"line":340,"column":17},"end":{"line":340,"column":38}},"type":"binary-expr","locations":[{"start":{"line":340,"column":17},"end":{"line":340,"column":28}},{"start":{"line":340,"column":28},"end":{"line":340,"column":38}}],"line":340},"65":{"loc":{"start":{"line":347,"column":4},"end":{"line":347,"column":null}},"type":"if","locations":[{"start":{"line":347,"column":4},"end":{"line":347,"column":null}},{"start":{},"end":{}}],"line":347},"66":{"loc":{"start":{"line":349,"column":4},"end":{"line":349,"column":null}},"type":"if","locations":[{"start":{"line":349,"column":4},"end":{"line":349,"column":null}},{"start":{},"end":{}}],"line":349},"67":{"loc":{"start":{"line":349,"column":8},"end":{"line":349,"column":42}},"type":"binary-expr","locations":[{"start":{"line":349,"column":8},"end":{"line":349,"column":21}},{"start":{"line":349,"column":21},"end":{"line":349,"column":42}}],"line":349},"68":{"loc":{"start":{"line":352,"column":8},"end":{"line":355,"column":null}},"type":"if","locations":[{"start":{"line":352,"column":8},"end":{"line":355,"column":null}},{"start":{},"end":{}}],"line":352},"69":{"loc":{"start":{"line":352,"column":12},"end":{"line":352,"column":68}},"type":"binary-expr","locations":[{"start":{"line":352,"column":12},"end":{"line":352,"column":37}},{"start":{"line":352,"column":37},"end":{"line":352,"column":68}}],"line":352},"70":{"loc":{"start":{"line":356,"column":23},"end":{"line":356,"column":null}},"type":"cond-expr","locations":[{"start":{"line":356,"column":54},"end":{"line":356,"column":58}},{"start":{"line":356,"column":58},"end":{"line":356,"column":null}}],"line":356},"71":{"loc":{"start":{"line":359,"column":24},"end":{"line":359,"column":null}},"type":"cond-expr","locations":[{"start":{"line":359,"column":41},"end":{"line":359,"column":68}},{"start":{"line":359,"column":68},"end":{"line":359,"column":null}}],"line":359},"72":{"loc":{"start":{"line":360,"column":8},"end":{"line":360,"column":null}},"type":"if","locations":[{"start":{"line":360,"column":8},"end":{"line":360,"column":null}},{"start":{},"end":{}}],"line":360}},"s":{"0":7,"1":0,"2":0,"3":0,"4":0,"5":0,"6":0,"7":0,"8":0,"9":0,"10":7,"11":1792,"12":7,"13":700,"14":0,"15":0,"16":0,"17":0,"18":0,"19":0,"20":0,"21":0,"22":0,"23":0,"24":0,"25":0,"26":0,"27":0,"28":0,"29":0,"30":0,"31":0,"32":0,"33":0,"34":0,"35":0,"36":0,"37":0,"38":0,"39":0,"40":0,"41":0,"42":0,"43":0,"44":0,"45":0,"46":0,"47":0,"48":0,"49":0,"50":0,"51":0,"52":0,"53":0,"54":0,"55":0,"56":0,"57":1341,"58":1341,"59":1341,"60":0,"61":0,"62":0,"63":0,"64":0,"65":0,"66":0,"67":0,"68":0,"69":0,"70":0,"71":0,"72":0,"73":0,"74":0,"75":0,"76":7,"77":0,"78":7,"79":7,"80":7,"81":7,"82":7,"83":7,"84":7,"85":7,"86":4075,"87":4075,"88":7,"89":7,"90":4075,"91":0,"92":0,"93":0,"94":0,"95":0,"96":0,"97":0,"98":0,"99":0,"100":0,"101":0,"102":0,"103":0,"104":0,"105":0,"106":0,"107":0,"108":0,"109":0,"110":0,"111":0,"112":0,"113":0,"114":0,"115":0,"116":0,"117":0,"118":7,"119":0,"120":0,"121":0,"122":7,"123":7,"124":7,"125":0,"126":0,"127":7,"128":7,"129":7,"130":0,"131":0,"132":0,"133":0,"134":0,"135":0,"136":0,"137":0,"138":0,"139":0,"140":7,"141":7,"142":7,"143":0,"144":0,"145":0,"146":0,"147":0,"148":0,"149":0,"150":0,"151":0,"152":0,"153":0,"154":0,"155":0,"156":7,"157":7,"158":7,"159":0,"160":0,"161":0,"162":0,"163":0,"164":0,"165":0,"166":0,"167":0,"168":0,"169":0,"170":0,"171":0,"172":0,"173":0,"174":0,"175":0,"176":0,"177":0,"178":0,"179":0,"180":0,"181":0,"182":0,"183":0,"184":0,"185":0,"186":0,"187":0,"188":0,"189":0,"190":0,"191":0,"192":0,"193":0,"194":0,"195":0,"196":0,"197":0,"198":0,"199":0,"200":0,"201":0,"202":0,"203":0,"204":0,"205":0,"206":0,"207":0,"208":0,"209":0,"210":0,"211":0,"212":0,"213":0,"214":0,"215":0,"216":0,"217":7,"218":0,"219":0,"220":0,"221":7,"222":7,"223":0,"224":0,"225":0,"226":0,"227":0,"228":0,"229":0,"230":0,"231":0,"232":0,"233":0,"234":0,"235":0,"236":0,"237":0,"238":0,"239":0,"240":0,"241":0,"242":0,"243":7,"244":0,"245":0,"246":0,"247":0,"248":0,"249":0,"250":0,"251":0,"252":0,"253":0,"254":0,"255":0,"256":0,"257":0,"258":0,"259":0,"260":0,"261":0,"262":0,"263":0,"264":0,"265":0,"266":0},"f":{"0":0,"1":0,"2":0,"3":1792,"4":700,"5":0,"6":0,"7":0,"8":0,"9":0,"10":0,"11":1341,"12":7,"13":7,"14":4075,"15":0,"16":0,"17":0,"18":0,"19":0,"20":0,"21":0,"22":0,"23":0,"24":0,"25":0,"26":0,"27":0,"28":0,"29":0,"30":0,"31":0,"32":0,"33":0,"34":0},"b":{"0":[0,0],"1":[0,0],"2":[70,630],"3":[0,0],"4":[0,0],"5":[0,0],"6":[0,0],"7":[1341,0],"8":[1341,1341],"9":[0,0],"10":[0,0],"11":[0,0],"12":[0,0],"13":[0,7],"14":[7,4068],"15":[4075,4068],"16":[0,0],"17":[0,0],"18":[0,0],"19":[0,0],"20":[0,0],"21":[0,0],"22":[0,0,0],"23":[0,0],"24":[0,0],"25":[0,0],"26":[0,0],"27":[0,0],"28":[0,0],"29":[0,0],"30":[7,7,7],"31":[0,0],"32":[0,0],"33":[0,0],"34":[0,0],"35":[0,0],"36":[0,0],"37":[0,0],"38":[0,0],"39":[0,0],"40":[0,0],"41":[0,0],"42":[0,0],"43":[0,0],"44":[0,0],"45":[0,0],"46":[0,0],"47":[0,0],"48":[0,0],"49":[0,0],"50":[0,0],"51":[0,0],"52":[0,0],"53":[0,0],"54":[0,0],"55":[0,0],"56":[0,0],"57":[0,0],"58":[0,0],"59":[0,0],"60":[0,0],"61":[0,0],"62":[0,0],"63":[0,0],"64":[0,0],"65":[0,0],"66":[0,0],"67":[0,0],"68":[0,0],"69":[0,0],"70":[0,0],"71":[0,0],"72":[0,0]},"meta":{"lastBranch":73,"lastFunction":35,"lastStatement":267,"seen":{"s:28:26:28:Infinity":0,"f:33:16:33:32":0,"s:35:23:38:Infinity":1,"f:35:23:35:29":1,"b:36:8:36:Infinity:undefined:undefined:undefined:undefined":0,"s:36:8:36:Infinity":2,"s:36:33:36:Infinity":3,"s:37:8:37:Infinity":4,"s:39:4:44:Infinity":5,"f:39:23:39:29":2,"b:40:8:43:Infinity:undefined:undefined:undefined:undefined":1,"s:40:8:43:Infinity":6,"s:41:12:41:Infinity":7,"s:42:12:42:Infinity":8,"s:45:4:45:Infinity":9,"s:49:33:49:Infinity":10,"f:49:61:49:62":3,"s:49:71:49:102":11,"s:50:26:50:Infinity":12,"f:50:54:50:55":4,"s:50:64:50:92":13,"b:50:73:50:83:50:83:50:92":2,"f:53:16:53:36":5,"s:54:18:54:Infinity":14,"s:55:16:55:Infinity":15,"s:56:29:56:Infinity":16,"s:57:23:57:Infinity":17,"s:58:4:61:Infinity":18,"s:58:17:58:20":19,"s:59:21:59:Infinity":20,"b:59:45:59:51:59:51:59:Infinity":3,"s:60:8:60:Infinity":21,"s:62:4:62:Infinity":22,"f:65:16:65:36":6,"s:66:26:66:Infinity":23,"s:67:16:67:Infinity":24,"s:68:18:68:Infinity":25,"s:69:4:71:Infinity":26,"s:69:17:69:20":27,"s:70:8:70:Infinity":28,"s:72:4:72:Infinity":29,"f:76:16:76:33":7,"s:77:18:77:Infinity":30,"s:78:16:78:Infinity":31,"s:79:14:79:Infinity":32,"s:80:4:82:Infinity":33,"s:80:17:80:20":34,"s:81:8:81:Infinity":35,"s:83:4:83:Infinity":36,"f:92:22:92:39":8,"b:93:4:95:Infinity:undefined:undefined:undefined:undefined":4,"s:93:4:95:Infinity":37,"s:94:8:94:Infinity":38,"s:96:19:96:Infinity":39,"s:97:29:97:Infinity":40,"s:98:21:98:Infinity":41,"s:99:17:99:Infinity":42,"s:100:24:100:Infinity":43,"s:101:4:101:Infinity":44,"f:107:22:107:43":9,"b:108:4:110:Infinity:undefined:undefined:undefined:undefined":5,"s:108:4:110:Infinity":45,"s:109:8:109:Infinity":46,"s:111:4:120:Infinity":47,"s:112:24:112:Infinity":48,"b:112:60:112:73:112:73:112:Infinity":6,"s:113:23:113:Infinity":49,"s:114:35:114:Infinity":50,"s:115:25:115:Infinity":51,"s:116:8:116:Infinity":52,"s:118:8:118:Infinity":53,"s:119:8:119:Infinity":54,"f:126:22:126:39":10,"s:127:19:127:Infinity":55,"s:128:4:128:Infinity":56,"f:132:16:132:39":11,"s:133:4:135:Infinity":57,"b:134:8:134:Infinity:undefined:undefined:undefined:undefined":7,"s:134:8:134:Infinity":58,"b:134:12:134:45:134:45:134:64":8,"s:134:64:134:Infinity":59,"s:137:17:137:Infinity":60,"s:138:4:153:Infinity":61,"b:139:8:143:Infinity:141:15:143:Infinity":9,"s:139:8:143:Infinity":62,"b:139:12:139:45:139:45:139:69":10,"s:140:12:140:Infinity":63,"s:142:12:142:Infinity":64,"s:145:26:145:Infinity":65,"s:146:22:146:Infinity":66,"b:146:79:146:106:146:106:146:Infinity":11,"b:146:22:146:60:146:60:146:79":12,"s:147:8:152:Infinity":67,"s:147:21:147:24":68,"s:148:22:148:Infinity":69,"s:149:23:149:Infinity":70,"s:150:23:150:Infinity":71,"s:151:12:151:Infinity":72,"s:155:4:155:Infinity":73,"s:156:4:156:Infinity":74,"s:158:4:163:Infinity":75,"f:167:16:167:35":12,"b:168:4:168:Infinity:undefined:undefined:undefined:undefined":13,"s:168:4:168:Infinity":76,"s:168:31:168:Infinity":77,"s:169:17:169:Infinity":78,"s:170:18:170:Infinity":79,"s:171:16:171:Infinity":80,"s:172:4:172:Infinity":81,"f:175:16:175:36":13,"s:176:18:176:Infinity":82,"s:177:4:177:Infinity":83,"s:180:37:180:Infinity":84,"s:181:26:181:Infinity":85,"f:183:16:183:41":14,"s:184:16:184:Infinity":86,"b:185:4:188:Infinity:undefined:undefined:undefined:undefined":14,"s:185:4:188:Infinity":87,"b:185:8:185:29:185:29:185:65":15,"s:186:8:186:Infinity":88,"s:187:8:187:Infinity":89,"s:189:4:189:Infinity":90,"f:192:16:192:34":15,"s:193:4:193:Infinity":91,"s:194:4:194:Infinity":92,"f:199:16:199:36":16,"b:200:4:203:Infinity:undefined:undefined:undefined:undefined":16,"s:200:4:203:Infinity":93,"s:201:8:201:Infinity":94,"s:202:8:202:Infinity":95,"s:204:16:204:Infinity":96,"s:205:21:205:Infinity":97,"s:206:25:206:Infinity":98,"s:207:4:211:Infinity":99,"f:207:39:207:45":17,"s:208:8:208:Infinity":100,"s:209:8:209:Infinity":101,"s:210:8:210:Infinity":102,"f:214:16:214:32":18,"b:215:4:215:Infinity:undefined:undefined:undefined:undefined":17,"s:215:4:215:Infinity":103,"b:215:8:215:22:215:22:215:53":18,"s:215:53:215:Infinity":104,"s:216:17:216:Infinity":105,"b:217:4:217:Infinity:undefined:undefined:undefined:undefined":19,"s:217:4:217:Infinity":106,"s:217:31:217:Infinity":107,"b:219:4:226:Infinity:undefined:undefined:undefined:undefined":20,"s:219:4:226:Infinity":108,"s:220:21:220:Infinity":109,"s:221:22:221:Infinity":110,"s:222:20:222:Infinity":111,"b:223:8:225:Infinity:undefined:undefined:undefined:undefined":21,"s:223:8:225:Infinity":112,"b:223:12:223:Infinity:224:12:224:Infinity:225:12:225:58":22,"s:225:58:225:Infinity":113,"s:227:4:227:Infinity":114,"f:230:16:230:24":19,"s:231:19:231:Infinity":115,"s:232:4:232:Infinity":116,"s:233:4:233:Infinity":117,"s:236:23:236:Infinity":118,"f:237:16:237:28":20,"b:238:4:238:Infinity:undefined:undefined:undefined:undefined":23,"s:238:4:238:Infinity":119,"b:238:8:238:17:238:17:238:45":24,"s:238:45:238:Infinity":120,"s:239:4:239:Infinity":121,"s:243:26:243:Infinity":122,"s:244:52:244:Infinity":123,"s:245:24:245:Infinity":124,"f:245:24:245:25":21,"s:245:43:245:Infinity":125,"f:246:16:246:27":22,"s:246:50:246:117":126,"b:246:63:246:113:246:113:246:117":25,"s:249:33:249:Infinity":127,"s:250:30:250:Infinity":128,"s:251:20:257:Infinity":129,"f:251:20:251:21":23,"b:252:4:252:Infinity:undefined:undefined:undefined:undefined":26,"s:252:4:252:Infinity":130,"s:252:12:252:Infinity":131,"b:253:4:253:Infinity:undefined:undefined:undefined:undefined":27,"s:253:4:253:Infinity":132,"s:253:12:253:Infinity":133,"b:254:4:254:Infinity:undefined:undefined:undefined:undefined":28,"s:254:4:254:Infinity":134,"s:254:12:254:Infinity":135,"b:255:4:255:Infinity:undefined:undefined:undefined:undefined":29,"s:255:4:255:Infinity":136,"s:255:12:255:Infinity":137,"s:256:4:256:Infinity":138,"f:258:9:258:22":24,"s:258:46:258:118":139,"s:260:20:260:Infinity":140,"s:263:19:263:Infinity":141,"b:263:19:263:53:263:53:263:70:263:70:263:Infinity":30,"s:264:22:279:Infinity":142,"f:265:10:265:11":25,"b:266:8:266:Infinity:undefined:undefined:undefined:undefined":31,"s:266:8:266:Infinity":143,"s:266:25:266:Infinity":144,"b:267:8:268:Infinity:268:13:268:Infinity":32,"s:267:8:268:Infinity":145,"s:267:32:267:Infinity":146,"s:268:13:268:Infinity":147,"f:270:10:270:11":26,"b:271:8:271:Infinity:undefined:undefined:undefined:undefined":33,"s:271:8:271:Infinity":148,"s:271:25:271:Infinity":149,"b:272:8:273:Infinity:273:13:273:Infinity":34,"s:272:8:273:Infinity":150,"s:272:32:272:Infinity":151,"s:273:13:273:Infinity":152,"f:275:11:275:12":27,"b:276:8:277:Infinity:277:13:277:Infinity":35,"s:276:8:277:Infinity":153,"s:276:32:276:Infinity":154,"s:277:13:277:Infinity":155,"s:280:20:280:Infinity":156,"s:281:20:281:Infinity":157,"s:282:20:282:Infinity":158,"f:284:16:284:37":28,"b:285:4:285:Infinity:undefined:undefined:undefined:undefined":36,"s:285:4:285:Infinity":159,"s:285:15:285:Infinity":160,"s:286:27:286:Infinity":161,"s:287:26:287:Infinity":162,"s:288:24:288:Infinity":163,"s:289:23:289:Infinity":164,"f:289:23:289:29":29,"b:289:31:289:101:undefined:undefined:undefined:undefined":37,"s:289:31:289:101":165,"s:289:54:289:74":166,"s:289:74:289:99":167,"b:289:101:289:167:undefined:undefined:undefined:undefined":38,"s:289:101:289:167":168,"s:289:122:289:142":169,"s:289:142:289:165":170,"s:290:21:290:Infinity":171,"s:291:19:291:Infinity":172,"s:292:16:292:Infinity":173,"s:293:4:305:Infinity":174,"s:294:8:294:Infinity":175,"b:295:8:295:Infinity:undefined:undefined:undefined:undefined":39,"s:295:8:295:Infinity":176,"s:295:29:295:Infinity":177,"s:296:21:296:Infinity":178,"s:297:28:297:Infinity":179,"b:298:8:303:Infinity:298:117:303:Infinity":40,"s:298:8:303:Infinity":180,"s:298:45:298:59":181,"s:298:59:298:117":182,"b:298:117:303:Infinity:299:122:303:Infinity":41,"s:298:117:303:Infinity":183,"s:299:50:299:64":184,"s:299:64:299:122":185,"b:299:122:303:Infinity:300:122:303:Infinity":42,"s:299:122:303:Infinity":186,"s:300:50:300:64":187,"s:300:64:300:122":188,"b:300:122:303:Infinity:301:250:303:Infinity":43,"s:300:122:303:Infinity":189,"b:301:50:301:116:undefined:undefined:undefined:undefined":44,"s:301:50:301:116":190,"s:301:71:301:91":191,"s:301:91:301:114":192,"b:301:116:301:185:undefined:undefined:undefined:undefined":45,"s:301:116:301:185":193,"s:301:140:301:159":194,"s:301:159:301:183":195,"s:301:185:301:250":196,"b:301:250:303:Infinity:303:13:303:Infinity":46,"s:301:250:303:Infinity":197,"b:302:61:302:131:undefined:undefined:undefined:undefined":47,"s:302:61:302:131":198,"s:302:84:302:104":199,"s:302:104:302:129":200,"b:302:131:302:196:undefined:undefined:undefined:undefined":48,"s:302:131:302:196":201,"s:302:153:302:172":202,"s:302:172:302:194":203,"s:302:196:302:276":204,"s:303:15:303:29":205,"b:303:29:303:100:undefined:undefined:undefined:undefined":49,"s:303:29:303:100":206,"s:303:57:303:100":207,"s:304:8:304:Infinity":208,"s:306:4:306:Infinity":209,"s:307:4:307:Infinity":210,"f:311:16:311:32":30,"b:312:4:312:Infinity:undefined:undefined:undefined:undefined":50,"s:312:4:312:Infinity":211,"s:312:39:312:Infinity":212,"b:313:4:314:Infinity:314:9:314:Infinity":51,"s:313:4:314:Infinity":213,"s:313:51:313:110":214,"b:313:78:313:106:313:106:313:110":52,"s:313:110:313:151":215,"s:314:9:314:Infinity":216,"s:317:24:317:Infinity":217,"f:318:16:318:30":31,"b:319:4:319:Infinity:undefined:undefined:undefined:undefined":53,"s:319:4:319:Infinity":218,"b:319:8:319:44:319:44:319:63":54,"s:319:63:319:Infinity":219,"s:319:69:319:111":220,"s:323:46:323:Infinity":221,"s:324:45:324:Infinity":222,"f:325:9:325:32":32,"b:326:4:326:Infinity:undefined:undefined:undefined:undefined":55,"s:326:4:326:Infinity":223,"b:326:8:326:36:326:36:326:61":56,"s:326:61:326:Infinity":224,"s:327:4:331:Infinity":225,"s:328:27:328:Infinity":226,"s:329:8:329:Infinity":227,"b:329:35:329:91:329:91:329:Infinity":57,"s:330:8:330:Infinity":228,"b:330:34:330:86:330:86:330:Infinity":58,"s:331:14:331:52":229,"s:331:52:331:89":230,"f:333:9:333:19":33,"s:334:14:334:Infinity":231,"s:335:4:341:Infinity":232,"s:335:17:335:20":233,"s:336:18:336:Infinity":234,"s:337:8:337:Infinity":235,"b:338:8:340:Infinity:338:44:340:Infinity":59,"s:338:8:340:Infinity":236,"b:338:12:338:23:338:23:338:32":60,"s:338:32:338:Infinity":237,"b:338:44:340:Infinity:339:49:340:Infinity":61,"s:338:44:340:Infinity":238,"b:339:17:339:28:339:28:339:37":62,"s:339:37:339:Infinity":239,"b:339:49:340:Infinity:undefined:undefined:undefined:undefined":63,"s:339:49:340:Infinity":240,"b:340:17:340:28:340:28:340:38":64,"s:340:38:340:Infinity":241,"s:342:4:342:Infinity":242,"s:344:23:344:Infinity":243,"f:345:16:345:33":34,"s:346:19:346:Infinity":244,"b:347:4:347:Infinity:undefined:undefined:undefined:undefined":65,"s:347:4:347:Infinity":245,"s:347:16:347:Infinity":246,"s:348:4:348:Infinity":247,"b:349:4:349:Infinity:undefined:undefined:undefined:undefined":66,"s:349:4:349:Infinity":248,"b:349:8:349:21:349:21:349:42":67,"s:349:42:349:Infinity":249,"s:350:4:362:Infinity":250,"s:351:22:351:Infinity":251,"b:352:8:355:Infinity:undefined:undefined:undefined:undefined":68,"s:352:8:355:Infinity":252,"b:352:12:352:37:352:37:352:68":69,"s:353:22:353:35":253,"s:353:39:353:52":254,"s:353:56:353:Infinity":255,"s:354:12:354:Infinity":256,"s:356:23:356:Infinity":257,"b:356:54:356:58:356:58:356:Infinity":70,"s:357:18:357:46":258,"s:357:50:357:82":259,"s:357:86:357:Infinity":260,"s:358:21:358:Infinity":261,"s:359:24:359:Infinity":262,"b:359:41:359:68:359:68:359:Infinity":71,"b:360:8:360:Infinity:undefined:undefined:undefined:undefined":72,"s:360:8:360:Infinity":263,"s:360:39:360:Infinity":264,"s:361:8:361:Infinity":265,"s:362:14:362:48":266}}}
,"/workspaces/Askesis-2/listeners/calendar.ts": {"path":"/workspaces/Askesis-2/listeners/calendar.ts","statementMap":{"0":{"start":{"line":20,"column":28},"end":{"line":20,"column":null}},"1":{"start":{"line":21,"column":24},"end":{"line":21,"column":null}},"2":{"start":{"line":22,"column":25},"end":{"line":22,"column":null}},"3":{"start":{"line":23,"column":29},"end":{"line":23,"column":null}},"4":{"start":{"line":24,"column":16},"end":{"line":24,"column":null}},"5":{"start":{"line":27,"column":29},"end":{"line":36,"column":null}},"6":{"start":{"line":40,"column":22},"end":{"line":123,"column":null}},"7":{"start":{"line":41,"column":4},"end":{"line":41,"column":null}},"8":{"start":{"line":41,"column":42},"end":{"line":41,"column":null}},"9":{"start":{"line":42,"column":4},"end":{"line":42,"column":null}},"10":{"start":{"line":44,"column":4},"end":{"line":122,"column":null}},"11":{"start":{"line":45,"column":22},"end":{"line":45,"column":null}},"12":{"start":{"line":46,"column":8},"end":{"line":50,"column":null}},"13":{"start":{"line":47,"column":12},"end":{"line":47,"column":null}},"14":{"start":{"line":48,"column":12},"end":{"line":48,"column":null}},"15":{"start":{"line":49,"column":12},"end":{"line":49,"column":null}},"16":{"start":{"line":52,"column":27},"end":{"line":52,"column":null}},"17":{"start":{"line":53,"column":28},"end":{"line":53,"column":null}},"18":{"start":{"line":54,"column":28},"end":{"line":54,"column":null}},"19":{"start":{"line":55,"column":26},"end":{"line":55,"column":null}},"20":{"start":{"line":59,"column":20},"end":{"line":59,"column":null}},"21":{"start":{"line":60,"column":25},"end":{"line":60,"column":null}},"22":{"start":{"line":61,"column":29},"end":{"line":61,"column":null}},"23":{"start":{"line":64,"column":8},"end":{"line":118,"column":null}},"24":{"start":{"line":65,"column":12},"end":{"line":65,"column":null}},"25":{"start":{"line":67,"column":28},"end":{"line":67,"column":null}},"26":{"start":{"line":68,"column":12},"end":{"line":89,"column":null}},"27":{"start":{"line":69,"column":38},"end":{"line":69,"column":null}},"28":{"start":{"line":72,"column":29},"end":{"line":72,"column":null}},"29":{"start":{"line":73,"column":16},"end":{"line":75,"column":null}},"30":{"start":{"line":73,"column":29},"end":{"line":73,"column":32}},"31":{"start":{"line":74,"column":20},"end":{"line":74,"column":null}},"32":{"start":{"line":78,"column":33},"end":{"line":78,"column":null}},"33":{"start":{"line":79,"column":16},"end":{"line":79,"column":null}},"34":{"start":{"line":80,"column":33},"end":{"line":80,"column":null}},"35":{"start":{"line":83,"column":16},"end":{"line":83,"column":null}},"36":{"start":{"line":86,"column":16},"end":{"line":88,"column":null}},"37":{"start":{"line":87,"column":20},"end":{"line":87,"column":null}},"38":{"start":{"line":87,"column":33},"end":{"line":87,"column":36}},"39":{"start":{"line":87,"column":59},"end":{"line":87,"column":null}},"40":{"start":{"line":90,"column":8},"end":{"line":118,"column":null}},"41":{"start":{"line":94,"column":12},"end":{"line":94,"column":null}},"42":{"start":{"line":96,"column":27},"end":{"line":96,"column":null}},"43":{"start":{"line":97,"column":12},"end":{"line":117,"column":null}},"44":{"start":{"line":98,"column":37},"end":{"line":98,"column":null}},"45":{"start":{"line":100,"column":29},"end":{"line":100,"column":null}},"46":{"start":{"line":101,"column":16},"end":{"line":103,"column":null}},"47":{"start":{"line":101,"column":29},"end":{"line":101,"column":32}},"48":{"start":{"line":102,"column":20},"end":{"line":102,"column":null}},"49":{"start":{"line":104,"column":16},"end":{"line":104,"column":null}},"50":{"start":{"line":107,"column":16},"end":{"line":116,"column":null}},"51":{"start":{"line":108,"column":40},"end":{"line":108,"column":null}},"52":{"start":{"line":111,"column":37},"end":{"line":111,"column":null}},"53":{"start":{"line":112,"column":20},"end":{"line":112,"column":null}},"54":{"start":{"line":112,"column":33},"end":{"line":112,"column":36}},"55":{"start":{"line":112,"column":58},"end":{"line":112,"column":null}},"56":{"start":{"line":113,"column":37},"end":{"line":113,"column":null}},"57":{"start":{"line":115,"column":20},"end":{"line":115,"column":null}},"58":{"start":{"line":120,"column":8},"end":{"line":120,"column":null}},"59":{"start":{"line":121,"column":8},"end":{"line":121,"column":null}},"60":{"start":{"line":127,"column":27},"end":{"line":151,"column":null}},"61":{"start":{"line":128,"column":4},"end":{"line":128,"column":null}},"62":{"start":{"line":128,"column":24},"end":{"line":128,"column":null}},"63":{"start":{"line":129,"column":18},"end":{"line":129,"column":null}},"64":{"start":{"line":130,"column":4},"end":{"line":130,"column":null}},"65":{"start":{"line":130,"column":37},"end":{"line":130,"column":null}},"66":{"start":{"line":132,"column":4},"end":{"line":132,"column":null}},"67":{"start":{"line":133,"column":4},"end":{"line":133,"column":null}},"68":{"start":{"line":134,"column":4},"end":{"line":134,"column":null}},"69":{"start":{"line":136,"column":4},"end":{"line":141,"column":null}},"70":{"start":{"line":137,"column":8},"end":{"line":137,"column":null}},"71":{"start":{"line":138,"column":8},"end":{"line":138,"column":null}},"72":{"start":{"line":139,"column":8},"end":{"line":139,"column":null}},"73":{"start":{"line":140,"column":8},"end":{"line":140,"column":null}},"74":{"start":{"line":143,"column":19},"end":{"line":148,"column":null}},"75":{"start":{"line":144,"column":8},"end":{"line":144,"column":null}},"76":{"start":{"line":145,"column":8},"end":{"line":145,"column":null}},"77":{"start":{"line":146,"column":8},"end":{"line":146,"column":null}},"78":{"start":{"line":147,"column":8},"end":{"line":147,"column":null}},"79":{"start":{"line":149,"column":4},"end":{"line":149,"column":null}},"80":{"start":{"line":150,"column":4},"end":{"line":150,"column":null}},"81":{"start":{"line":153,"column":26},"end":{"line":191,"column":null}},"82":{"start":{"line":154,"column":4},"end":{"line":158,"column":null}},"83":{"start":{"line":155,"column":8},"end":{"line":155,"column":null}},"84":{"start":{"line":156,"column":8},"end":{"line":156,"column":null}},"85":{"start":{"line":157,"column":8},"end":{"line":157,"column":null}},"86":{"start":{"line":161,"column":18},"end":{"line":161,"column":null}},"87":{"start":{"line":163,"column":4},"end":{"line":190,"column":null}},"88":{"start":{"line":164,"column":28},"end":{"line":164,"column":null}},"89":{"start":{"line":166,"column":8},"end":{"line":189,"column":null}},"90":{"start":{"line":167,"column":12},"end":{"line":167,"column":null}},"91":{"start":{"line":168,"column":12},"end":{"line":168,"column":null}},"92":{"start":{"line":171,"column":25},"end":{"line":171,"column":null}},"93":{"start":{"line":172,"column":12},"end":{"line":176,"column":null}},"94":{"start":{"line":173,"column":16},"end":{"line":173,"column":null}},"95":{"start":{"line":174,"column":16},"end":{"line":174,"column":null}},"96":{"start":{"line":175,"column":16},"end":{"line":175,"column":null}},"97":{"start":{"line":177,"column":12},"end":{"line":177,"column":null}},"98":{"start":{"line":178,"column":12},"end":{"line":178,"column":null}},"99":{"start":{"line":179,"column":12},"end":{"line":179,"column":null}},"100":{"start":{"line":186,"column":12},"end":{"line":186,"column":null}},"101":{"start":{"line":187,"column":12},"end":{"line":187,"column":null}},"102":{"start":{"line":188,"column":12},"end":{"line":188,"column":null}},"103":{"start":{"line":193,"column":26},"end":{"line":210,"column":null}},"104":{"start":{"line":194,"column":20},"end":{"line":194,"column":null}},"105":{"start":{"line":195,"column":4},"end":{"line":195,"column":null}},"106":{"start":{"line":195,"column":18},"end":{"line":195,"column":null}},"107":{"start":{"line":197,"column":17},"end":{"line":197,"column":null}},"108":{"start":{"line":198,"column":18},"end":{"line":198,"column":null}},"109":{"start":{"line":199,"column":20},"end":{"line":199,"column":null}},"110":{"start":{"line":200,"column":4},"end":{"line":200,"column":null}},"111":{"start":{"line":200,"column":18},"end":{"line":200,"column":null}},"112":{"start":{"line":202,"column":16},"end":{"line":202,"column":null}},"113":{"start":{"line":203,"column":19},"end":{"line":203,"column":null}},"114":{"start":{"line":205,"column":4},"end":{"line":205,"column":null}},"115":{"start":{"line":206,"column":4},"end":{"line":206,"column":null}},"116":{"start":{"line":207,"column":4},"end":{"line":207,"column":null}},"117":{"start":{"line":209,"column":4},"end":{"line":209,"column":null}},"118":{"start":{"line":212,"column":28},"end":{"line":227,"column":null}},"119":{"start":{"line":213,"column":4},"end":{"line":213,"column":null}},"120":{"start":{"line":214,"column":10},"end":{"line":214,"column":null}},"121":{"start":{"line":216,"column":20},"end":{"line":216,"column":null}},"122":{"start":{"line":218,"column":4},"end":{"line":226,"column":null}},"123":{"start":{"line":219,"column":8},"end":{"line":219,"column":null}},"124":{"start":{"line":222,"column":8},"end":{"line":222,"column":null}},"125":{"start":{"line":223,"column":8},"end":{"line":223,"column":n
[...]
:22:44":3,"b:23:8:23:Infinity:undefined:undefined:undefined:undefined":4,"s:23:8:23:Infinity":8,"s:23:39:23:Infinity":9,"b:24:8:24:Infinity:undefined:undefined:undefined:undefined":5,"s:24:8:24:Infinity":10,"s:24:36:24:Infinity":11,"b:26:4:28:Infinity:undefined:undefined:undefined:undefined":6,"s:26:4:28:Infinity":12,"b:26:8:26:37:26:37:26:61":7,"s:27:8:27:Infinity":13,"s:27:14:27:36":14,"s:27:49:27:63":15,"s:29:4:29:Infinity":16,"f:32:15:32:25":2,"s:33:16:33:Infinity":17,"s:34:24:34:Infinity":18,"s:35:4:38:Infinity":19,"f:41:15:41:23":3,"s:42:17:42:Infinity":20,"s:43:17:43:Infinity":21,"s:44:15:44:Infinity":22,"s:45:16:45:Infinity":23,"s:46:22:46:Infinity":24,"s:47:21:47:Infinity":25,"s:48:4:48:Infinity":26,"s:49:4:49:Infinity":27,"s:50:4:50:Infinity":28,"s:51:4:51:Infinity":29,"f:54:15:54:23":4,"s:55:16:55:Infinity":30,"s:56:18:56:Infinity":31,"s:57:4:57:Infinity":32,"s:57:17:57:20":33,"s:57:41:57:Infinity":34,"s:58:17:58:Infinity":35,"s:59:15:59:Infinity":36,"s:60:17:60:Infinity":37,"s:61:16:61:Infinity":38,"s:62:22:62:Infinity":39,"s:63:4:63:Infinity":40,"f:69:9:69:32":5,"s:70:41:70:Infinity":41,"s:71:4:89:Infinity":42,"s:72:22:72:Infinity":43,"b:73:8:75:Infinity:undefined:undefined:undefined:undefined":8,"s:73:8:75:Infinity":44,"s:74:12:74:Infinity":45,"s:74:18:74:49":46,"s:74:59:74:69":47,"s:77:22:77:Infinity":48,"s:78:8:84:Infinity":49,"b:79:12:82:Infinity:undefined:undefined:undefined:undefined":9,"s:79:12:82:Infinity":50,"s:80:16:80:Infinity":51,"s:81:16:81:Infinity":52,"b:83:12:83:Infinity:undefined:undefined:undefined:undefined":10,"s:83:12:83:Infinity":53,"s:83:57:83:Infinity":54,"b:86:8:88:Infinity:undefined:undefined:undefined:undefined":11,"s:86:8:88:Infinity":55,"s:87:12:87:Infinity":56,"b:87:64:87:69:87:69:87:Infinity":12,"s:90:4:90:Infinity":57,"s:93:0:110:Infinity":58,"f:93:17:93:24":6,"s:94:39:94:Infinity":59,"s:95:4:109:Infinity":60,"b:98:12:98:Infinity:99:12:99:Infinity:100:12:100:Infinity:101:12:101:Infinity:102:12:102:Infinity:103:12:103:Infinity:104:12:104:Infinity":13,"s:97:8:105:Infinity":61,"s:98:28:98:67":62,"s:98:67:98:Infinity":63,"s:99:28:99:67":64,"s:99:67:99:Infinity":65,"s:100:36:100:69":66,"s:100:69:100:Infinity":67,"s:101:48:101:94":68,"s:101:94:101:Infinity":69,"s:102:28:102:64":70,"s:102:64:102:Infinity":71,"s:103:32:103:100":72,"s:103:100:103:Infinity":73,"s:104:21:104:Infinity":74,"s:106:8:106:Infinity":75,"s:108:8:108:Infinity":76,"f:112:9:112:23":7,"s:113:62:113:Infinity":77,"s:114:18:114:Infinity":78,"s:115:4:119:Infinity":79,"f:115:19:115:20":8,"b:116:8:116:Infinity:undefined:undefined:undefined:undefined":14,"s:116:8:116:Infinity":80,"s:116:27:116:Infinity":81,"s:117:21:117:Infinity":82,"b:117:21:117:75:117:75:117:Infinity":15,"s:118:8:118:Infinity":83,"s:120:4:123:Infinity":84,"f:126:9:126:36":9,"s:127:4:130:Infinity":85,"f:133:9:133:26":10,"s:134:43:134:Infinity":86,"s:135:4:142:Infinity":87,"s:136:19:136:Infinity":88,"b:136:19:136:41:136:41:136:Infinity":16,"b:137:8:139:Infinity:undefined:undefined:undefined:undefined":17,"s:137:8:139:Infinity":89,"s:138:12:138:Infinity":90,"s:138:18:138:43":91,"s:138:53:138:64":92,"s:140:23:140:Infinity":93,"s:141:8:141:Infinity":94,"s:143:4:143:Infinity":95}}}
,"/workspaces/Askesis-2/tests/test-utils.ts": {"path":"/workspaces/Askesis-2/tests/test-utils.ts","statementMap":{"0":{"start":{"line":24,"column":8},"end":{"line":24,"column":null}},"1":{"start":{"line":26,"column":34},"end":{"line":39,"column":null}},"2":{"start":{"line":41,"column":23},"end":{"line":45,"column":null}},"3":{"start":{"line":47,"column":2},"end":{"line":47,"column":null}},"4":{"start":{"line":48,"column":2},"end":{"line":48,"column":null}},"5":{"start":{"line":59,"column":18},"end":{"line":59,"column":null}},"6":{"start":{"line":60,"column":8},"end":{"line":60,"column":null}},"7":{"start":{"line":61,"column":2},"end":{"line":61,"column":null}},"8":{"start":{"line":68,"column":16},"end":{"line":68,"column":null}},"9":{"start":{"line":68,"column":39},"end":{"line":68,"column":55}},"10":{"start":{"line":69,"column":2},"end":{"line":69,"column":null}},"11":{"start":{"line":76,"column":16},"end":{"line":76,"column":null}},"12":{"start":{"line":76,"column":39},"end":{"line":76,"column":55}},"13":{"start":{"line":77,"column":2},"end":{"line":77,"column":null}},"14":{"start":{"line":84,"column":2},"end":{"line":86,"column":null}},"15":{"start":{"line":85,"column":4},"end":{"line":85,"column":null}},"16":{"start":{"line":88,"column":2},"end":{"line":93,"column":null}},"17":{"start":{"line":89,"column":4},"end":{"line":92,"column":null}},"18":{"start":{"line":95,"column":2},"end":{"line":97,"column":null}},"19":{"start":{"line":96,"column":4},"end":{"line":96,"column":null}},"20":{"start":{"line":99,"column":2},"end":{"line":99,"column":null}},"21":{"start":{"line":106,"column":2},"end":{"line":106,"column":null}},"22":{"start":{"line":113,"column":16},"end":{"line":113,"column":null}},"23":{"start":{"line":113,"column":39},"end":{"line":113,"column":55}},"24":{"start":{"line":114,"column":2},"end":{"line":116,"column":null}},"25":{"start":{"line":115,"column":4},"end":{"line":115,"column":null}},"26":{"start":{"line":123,"column":2},"end":{"line":123,"column":null}},"27":{"start":{"line":124,"column":2},"end":{"line":124,"column":null}},"28":{"start":{"line":125,"column":2},"end":{"line":125,"column":null}},"29":{"start":{"line":126,"column":2},"end":{"line":126,"column":null}},"30":{"start":{"line":127,"column":2},"end":{"line":127,"column":null}},"31":{"start":{"line":128,"column":2},"end":{"line":128,"column":null}},"32":{"start":{"line":129,"column":2},"end":{"line":129,"column":null}},"33":{"start":{"line":130,"column":2},"end":{"line":130,"column":null}},"34":{"start":{"line":131,"column":2},"end":{"line":131,"column":null}},"35":{"start":{"line":132,"column":2},"end":{"line":132,"column":null}},"36":{"start":{"line":133,"column":2},"end":{"line":133,"column":null}},"37":{"start":{"line":134,"column":2},"end":{"line":134,"column":null}},"38":{"start":{"line":135,"column":2},"end":{"line":135,"column":null}},"39":{"start":{"line":136,"column":2},"end":{"line":136,"column":null}},"40":{"start":{"line":137,"column":2},"end":{"line":137,"column":null}},"41":{"start":{"line":138,"column":2},"end":{"line":138,"column":null}},"42":{"start":{"line":139,"column":2},"end":{"line":139,"column":null}},"43":{"start":{"line":140,"column":2},"end":{"line":140,"column":null}},"44":{"start":{"line":141,"column":2},"end":{"line":141,"column":null}},"45":{"start":{"line":142,"column":2},"end":{"line":142,"column":null}},"46":{"start":{"line":143,"column":2},"end":{"line":143,"column":null}},"47":{"start":{"line":144,"column":2},"end":{"line":144,"column":null}},"48":{"start":{"line":145,"column":2},"end":{"line":145,"column":null}},"49":{"start":{"line":146,"column":2},"end":{"line":146,"column":null}},"50":{"start":{"line":147,"column":2},"end":{"line":147,"column":null}},"51":{"start":{"line":148,"column":2},"end":{"line":148,"column":null}},"52":{"start":{"line":149,"column":2},"end":{"line":149,"column":null}},"53":{"start":{"line":150,"column":2},"end":{"line":150,"column":null}},"54":{"start":{"line":151,"column":2},"end":{"line":151,"column":null}},"55":{"start":{"line":152,"column":2},"end":{"line":152,"column":null}},"56":{"start":{"line":153,"column":2},"end":{"line":153,"column":null}},"57":{"start":{"line":160,"column":15},"end":{"line":160,"column":null}},"58":{"start":{"line":161,"column":2},"end":{"line":161,"column":null}},"59":{"start":{"line":162,"column":2},"end":{"line":162,"column":null}},"60":{"start":{"line":163,"column":2},"end":{"line":163,"column":null}},"61":{"start":{"line":164,"column":2},"end":{"line":164,"column":null}},"62":{"start":{"line":165,"column":2},"end":{"line":165,"column":null}},"63":{"start":{"line":167,"column":19},"end":{"line":167,"column":null}},"64":{"start":{"line":168,"column":2},"end":{"line":168,"column":null}},"65":{"start":{"line":170,"column":15},"end":{"line":170,"column":null}},"66":{"start":{"line":171,"column":2},"end":{"line":171,"column":null}},"67":{"start":{"line":172,"column":2},"end":{"line":172,"column":null}},"68":{"start":{"line":174,"column":15},"end":{"line":174,"column":null}},"69":{"start":{"line":175,"column":2},"end":{"line":175,"column":null}},"70":{"start":{"line":176,"column":2},"end":{"line":176,"column":null}},"71":{"start":{"line":178,"column":2},"end":{"line":178,"column":null}},"72":{"start":{"line":179,"column":2},"end":{"line":179,"column":null}},"73":{"start":{"line":181,"column":2},"end":{"line":181,"column":null}},"74":{"start":{"line":188,"column":2},"end":{"line":190,"column":null}},"75":{"start":{"line":188,"column":15},"end":{"line":188,"column":18}},"76":{"start":{"line":189,"column":4},"end":{"line":189,"column":null}},"77":{"start":{"line":203,"column":16},"end":{"line":203,"column":null}},"78":{"start":{"line":204,"column":14},"end":{"line":204,"column":null}},"79":{"start":{"line":206,"column":16},"end":{"line":206,"column":null}},"80":{"start":{"line":207,"column":2},"end":{"line":211,"column":null}},"81":{"start":{"line":208,"column":20},"end":{"line":208,"column":null}},"82":{"start":{"line":209,"column":4},"end":{"line":209,"column":null}},"83":{"start":{"line":210,"column":4},"end":{"line":210,"column":null}},"84":{"start":{"line":218,"column":16},"end":{"line":218,"column":null}},"85":{"start":{"line":218,"column":39},"end":{"line":218,"column":55}},"86":{"start":{"line":219,"column":2},"end":{"line":219,"column":null}},"87":{"start":{"line":226,"column":2},"end":{"line":226,"column":null}},"88":{"start":{"line":226,"column":34},"end":{"line":226,"column":46}}},"fnMap":{"0":{"name":"createTestHabit","decl":{"start":{"line":23,"column":16},"end":{"line":23,"column":32}},"loc":{"start":{"line":23,"column":63},"end":{"line":49,"column":null}},"line":23},"1":{"name":"toggleTestHabitStatus","decl":{"start":{"line":54,"column":16},"end":{"line":54,"column":null}},"loc":{"start":{"line":58,"column":8},"end":{"line":62,"column":null}},"line":58},"2":{"name":"getHabitName","decl":{"start":{"line":67,"column":16},"end":{"line":67,"column":29}},"loc":{"start":{"line":67,"column":66},"end":{"line":70,"column":null}},"line":67},"3":{"name":"(anonymous_3)","decl":{"start":{"line":68,"column":34},"end":{"line":68,"column":39}},"loc":{"start":{"line":68,"column":39},"end":{"line":68,"column":55}},"line":68},"4":{"name":"getHabitTime","decl":{"start":{"line":75,"column":16},"end":{"line":75,"column":29}},"loc":{"start":{"line":75,"column":69},"end":{"line":78,"column":null}},"line":75},"5":{"name":"(anonymous_5)","decl":{"start":{"line":76,"column":34},"end":{"line":76,"column":39}},"loc":{"start":{"line":76,"column":39},"end":{"line":76,"column":55}},"line":76},"6":{"name":"addTestNote","decl":{"start":{"line":83,"column":16},"end":{"line":83,"column":28}},"loc":{"start":{"line":83,"column":96},"end":{"line":100,"column":null}},"line":83},"7":{"name":"getTestNote","decl":{"start":{"line":105,"column":16},"end":{"line":105,"column":28}},"loc":{"start":{"line":105,"column":96},"end":{"line":107,"column":null}},"line":105},"8":{"name":"deleteTestHabit","decl":{"start":{"line":112,"column":16},"end":{"line":112,"column":32}},"loc":{"start":{"line":112,"column":55},"end":{"line":117,"column":null}},"line":112},"9":{"name":"(anonymous_9)","decl":{"start":{"line":113,"column":34},"end":{"line":113,"column":39}},"loc":{"start":{"line":113,"column":39},"end":{"line":113,"column":55}},"line":113},"10":{"name":"clearTestState","decl":{"start":{"line":122,"column":16},"end":{"line":122,"column":39}},"loc":{"start":{"line":122,"column":39},"end":{"line":154,"column":null}},"line":122},"11":{"name":"createTestHabitCard","decl":{"start":{"line":159,"column":16},"end":{"line":159,"column":36}},"loc":{"start":{"line":159,"column":77},"end":{"line":182,"column":null}},"line":159},"12":{"name":"clickTestHabit","decl":{"start":{"line":187,"column":16},"end":{"line":187,"column":31}},"loc":{"start":{"line":187,"column":104},"end":{"line":191,"column":null}},"line":187},"13":{"name":"populateTestPeriod","decl":{"start":{"line":196,"column":16},"end":{"line":196,"column":null}},"loc":{"start":{"line":202,"column":8},"end":{"line":212,"column":null}},"line":202},"14":{"name":"isHabitActive","decl":{"start":{"line":217,"column":16},"end":{"line":217,"column":30}},"loc":{"start":{"line":217,"column":56},"end":{"line":220,"column":null}},"line":217},"15":{"name":"(anonymous_15)","decl":{"start":{"line":218,"column":34},"end":{"line":218,"column":39}},"loc":{"start":{"line":218,"column":39},"end":{"line":218,"column":55}},"line":218},"16":{"name":"getActiveTestHabits","decl":{"start":{"line":225,"column":16},"end":{"line":225,"column":47}},"loc":{"start":{"line":225,"column":47},"end":{"line":227,"column":null}},"line":225},"17":{"name":"(anonymous_17)","decl":{"start":{"line":226,"column":29},"end":{"line":226,"column":34}},"loc":{"start":{"line":226,"column":34},"end":{"line":226,"column":46}},"line":226}},"branchMap":{"0":{"loc":{"start":{"line":28,"column":10},"end":{"line":28,"column":null}},"type":"binary-expr","locations":[{"start":{"line":28,"column":10},"end":{"line":28,"column":23}},{"start":{"line":28,"column":23},"end":{"line":28,"column":null}}],"line":28},"1":{"loc":{"start":{"line":29,"column":11},"end":{"line":29,"column":null}},"type":"binary-expr","locations":[{"start":{"line":29,"column":11},"end":{"line":29,"column":25}},{"start":{"line":29,"column":25},"end":{"line":29,"column":null}}],"line":29},"2":{"loc":{"start":{"line":31,"column":12},"end":{"line":31,"column":null}},"type":"binary-expr","locations":[{"start":{"line":31,"column":12},"end":{"line":31,"column":29}},{"start":{"line":31,"column":29},"end":{"line":31,"column":null}}],"line":31},"3":{"loc":{"start":{"line":84,"column":2},"end":{"line":86,"column":null}},"type":"if","locations":[{"start":{"line":84,"column":2},"end":{"line":86,"column":null}},{"start":{},"end":{}}],"line":84},"4":{"loc":{"start":{"line":88,"column":2},"end":{"line":93,"column":null}},"type":"if","locations":[{"start":{"line":88,"column":2},"end":{"line":93,"column":null}},{"start":{},"end":{}}],"line":88},"5":{"loc":{"start":{"line":95,"column":2},"end":{"line":97,"column":null}},"type":"if","locations":[{"start":{"line":95,"column":2},"end":{"line":97,"column":null}},{"start":{},"end":{}}],"line":95},"6":{"loc":{"start":{"line":114,"column":2},"end":{"line":116,"column":null}},"type":"if","locations":[{"start":{"line":114,"column":2},"end":{"line":116,"column":null}},{"start":{},"end":{}}],"line":114},"7":{"loc":{"start":{"line":168,"column":37},"end":{"line":168,"column":62}},"type":"binary-expr","locations":[{"start":{"line":168,"column":37},"end":{"line":168,"column":54}},{"start":{"line":168,"column":54},"end":{"line":168,"column":62}}],"line":168},"8":{"loc":{"start":{"line":176,"column":21},"end":{"line":176,"column":null}},"type":"binary-expr","locations":[{"start":{"line":176,"column":21},"end":{"line":176,"column":38}},{"start":{"line":176,"column":38},"end":{"line":176,"column":null}}],"line":176},"9":{"loc":{"start":{"line":187,"column":79},"end":{"line":187,"column":104}},"type":"default-arg","locations":[{"start":{"line":187,"column":95},"end":{"line":187,"column":104}}],"line":187},"10":{"loc":{"start":{"line":201,"column":2},"end":{"line":201,"column":null}},"type":"default-arg","locations":[{"start":{"line":201,"column":19},"end":{"line":201,"column":null}}],"line":201},"11":{"loc":{"start":{"line":219,"column":12},"end":{"line":219,"column":null}},"type":"binary-expr","locations":[{"start":{"line":219,"column":12},"end":{"line":219,"column":21}},{"start":{"line":219,"column":21},"end":{"line":219,"column":null}}],"line":219}},"s":{"0":1341,"1":1341,"2":1341,"3":1341,"4":1341,"5":1115,"6":1115,"7":1115,"8":3,"9":6,"10":3,"11":0,"12":0,"13":0,"14":1,"15":1,"16":1,"17":1,"18":1,"19":1,"20":1,"21":2,"22":5,"23":15,"24":5,"25":5,"26":40,"27":40,"28":40,"29":40,"30":40,"31":40,"32":40,"33":40,"34":40,"35":40,"36":40,"37":40,"38":40,"39":40,"40":40,"41":40,"42":40,"43":40,"44":40,"45":40,"46":40,"47":40,"48":40,"49":40,"50":40,"51":40,"52":40,"53":40,"54":40,"55":40,"56":40,"57":107,"58":107,"59":107,"60":107,"61":107,"62":107,"63":107,"64":107,"65":107,"66":107,"67":107,"68":107,"69":107,"70":107,"71":107,"72":107,"73":107,"74":115,"75":115,"76":1115,"77":0,"78":0,"79":0,"80":0,"81":0,"82":0,"83":0,"84":1,"85":2,"86":1,"87":0,"88":0},"f":{"0":1341,"1":1115,"2":3,"3":6,"4":0,"5":0,"6":1,"7":2,"8":5,"9":15,"10":40,"11":107,"12":115,"13":0,"14":1,"15":2,"16":0,"17":0},"b":{"0":[1341,1341],"1":[1341,1341],"2":[1341,0],"3":[1,0],"4":[1,0],"5":[1,0],"6":[5,0],"7":[107,0],"8":[107,0],"9":[115],"10":[0],"11":[1,1]},"meta":{"lastBranch":12,"lastFunction":18,"lastStatement":89,"seen":{"f:23:16:23:32":0,"s:24:8:24:Infinity":0,"s:26:34:39:Infinity":1,"b:28:10:28:23:28:23:28:Infinity":0,"b:29:11:29:25:29:25:29:Infinity":1,"b:31:12:31:29:31:29:31:Infinity":2,"s:41:23:45:Infinity":2,"s:47:2:47:Infinity":3,"s:48:2:48:Infinity":4,"f:54:16:54:Infinity":1,"s:59:18:59:Infinity":5,"s:60:8:60:Infinity":6,"s:61:2:61:Infinity":7,"f:67:16:67:29":2,"s:68:16:68:Infinity":8,"f:68:34:68:39":3,"s:68:39:68:55":9,"s:69:2:69:Infinity":10,"f:75:16:75:29":4,"s:76:16:76:Infinity":11,"f:76:34:76:39":5,"s:76:39:76:55":12,"s:77:2:77:Infinity":13,"f:83:16:83:28":6,"b:84:2:86:Infinity:undefined:undefined:undefined:undefined":3,"s:84:2:86:Infinity":14,"s:85:4:85:Infinity":15,"b:88:2:93:Infinity:undefined:undefined:undefined:undefined":4,"s:88:2:93:Infinity":16,"s:89:4:92:Infinity":17,"b:95:2:97:Infinity:undefined:undefined:undefined:undefined":5,"s:95:2:97:Infinity":18,"s:96:4:96:Infinity":19,"s:99:2:99:Infinity":20,"f:105:16:105:28":7,"s:106:2:106:Infinity":21,"f:112:16:112:32":8,"s:113:16:113:Infinity":22,"f:113:34:113:39":9,"s:113:39:113:55":23,"b:114:2:116:Infinity:undefined:undefined:undefined:undefined":6,"s:114:2:116:Infinity":24,"s:115:4:115:Infinity":25,"f:122:16:122:39":10,"s:123:2:123:Infinity":26,"s:124:2:124:Infinity":27,"s:125:2:125:Infinity":28,"s:126:2:126:Infinity":29,"s:127:2:127:Infinity":30,"s:128:2:128:Infinity":31,"s:129:2:129:Infinity":32,"s:130:2:130:Infinity":33,"s:131:2:131:Infinity":34,"s:132:2:132:Infinity":35,"s:133:2:133:Infinity":36,"s:134:2:134:Infinity":37,"s:135:2:135:Infinity":38,"s:136:2:136:Infinity":39,"s:137:2:137:Infinity":40,"s:138:2:138:Infinity":41,"s:139:2:139:Infinity":42,"s:140:2:140:Infinity":43,"s:141:2:141:Infinity":44,"s:142:2:142:Infinity":45,"s:143:2:143:Infinity":46,"s:144:2:144:Infinity":47,"s:145:2:145:Infinity":48,"s:146:2:146:Infinity":49,"s:147:2:147:Infinity":50,"s:148:2:148:Infinity":51,"s:149:2:149:Infinity":52,"s:150:2:150:Infinity":53,"s:151:2:151:Infinity":54,"s:152:2:152:Infinity":55,"s:153:2:153:Infinity":56,"f:159:16:159:36":11,"s:160:15:160:Infinity":57,"s:161:2:161:Infinity":58,"s:162:2:162:Infinity":59,"s:163:2:163:Infinity":60,"s:164:2:164:Infinity":61,"s:165:2:165:Infinity":62,"s:167:19:167:Infinity":63,"s:168:2:168:Infinity":64,"b:168:37:168:54:168:54:168:62":7,"s:170:15:170:Infinity":65,"s:171:2:171:Infinity":66,"s:172:2:172:Infinity":67,"s:174:15:174:Infinity":68,"s:175:2:175:Infinity":69,"s:176:2:176:Infinity":70,"b:176:21:176:38:176:38:176:Infinity":8,"s:178:2:178:Infinity":71,"s:179:2:179:Infinity":72,"s:181:2:181:Infinity":73,"f:187:16:187:31":12,"b:187:95:187:104":9,"s:188:2:190:Infinity":74,"s:188:15:188:18":75,"s:189:4:189:Infinity":76,"f:196:16:196:Infinity":13,"b:201:19:201:Infinity":10,"s:203:16:203:Infinity":77,"s:204:14:204:Infinity":78,"s:206:16:206:Infinity":79,"s:207:2:211:Infinity":80,"s:208:20:208:Infinity":81,"s:209:4:209:Infinity":82,"s:210:4:210:Infinity":83,"f:217:16:217:30":14,"s:218:16:218:Infinity":84,"f:218:34:218:39":15,"s:218:39:218:55":85,"s:219:2:219:Infinity":86,"b:219:12:219:21:219:21:219:Infinity":11,"f:225:16:225:47":16,"s:226:2:226:Infinity":87,"f:226:29:226:34":17,"s:226:34:226:46":88}}}
}
